Using pre-set license
Built from '2021.2/staging' branch; Version is '2021.2.3f1 (32358a8527b4) revision 3290506'; Using compiler version '192829333'; Build Type 'Release'
OS: 'Windows 10 Home; OS build 19042.1466; Version 2009; 64bit' Language: 'en' Physical Memory: 8066 MB
BatchMode: 1, IsHumanControllingUs: 0, StartBugReporterOnCrash: 0, Is64bit: 1, IsPro: 0

COMMAND LINE ARGUMENTS:
C:\Program Files\Unity\Hub\Editor\2021.2.3f1\Editor\Unity.exe
-adb2
-batchMode
-noUpm
-name
AssetImportWorker10
-projectPath
C:/Users/alfad/Documents/Unity Projects/Wordle
-logFile
Logs/AssetImportWorker10.log
-srvPort
54342
Successfully changed project path to: C:/Users/alfad/Documents/Unity Projects/Wordle
C:/Users/alfad/Documents/Unity Projects/Wordle
[UnityMemory] Configuration Parameters - Can be set up in boot.config
    "memorysetup-bucket-allocator-granularity=16"
    "memorysetup-bucket-allocator-bucket-count=8"
    "memorysetup-bucket-allocator-block-size=33554432"
    "memorysetup-bucket-allocator-block-count=8"
    "memorysetup-main-allocator-block-size=16777216"
    "memorysetup-thread-allocator-block-size=16777216"
    "memorysetup-gfx-main-allocator-block-size=16777216"
    "memorysetup-gfx-thread-allocator-block-size=16777216"
    "memorysetup-cache-allocator-block-size=4194304"
    "memorysetup-typetree-allocator-block-size=2097152"
    "memorysetup-profiler-bucket-allocator-granularity=16"
    "memorysetup-profiler-bucket-allocator-bucket-count=8"
    "memorysetup-profiler-bucket-allocator-block-size=33554432"
    "memorysetup-profiler-bucket-allocator-block-count=8"
    "memorysetup-profiler-allocator-block-size=16777216"
    "memorysetup-profiler-editor-allocator-block-size=1048576"
    "memorysetup-temp-allocator-size-main=16777216"
    "memorysetup-job-temp-allocator-block-size=2097152"
    "memorysetup-job-temp-allocator-block-size-background=1048576"
    "memorysetup-job-temp-allocator-reduction-small-platforms=262144"
    "memorysetup-temp-allocator-size-background-worker=32768"
    "memorysetup-temp-allocator-size-job-worker=262144"
    "memorysetup-temp-allocator-size-preload-manager=33554432"
    "memorysetup-temp-allocator-size-nav-mesh-worker=65536"
    "memorysetup-temp-allocator-size-audio-worker=65536"
    "memorysetup-temp-allocator-size-cloud-worker=32768"
    "memorysetup-temp-allocator-size-gi-baking-worker=262144"
    "memorysetup-temp-allocator-size-gfx=262144"
Refreshing native plugins compatible for Editor in 112.45 ms, found 4 plugins.
Preloading 0 native plugins for Editor in 0.00 ms.
Initialize engine version: 2021.2.3f1 (32358a8527b4)
[Subsystems] Discovering subsystems at path C:/Program Files/Unity/Hub/Editor/2021.2.3f1/Editor/Data/Resources/UnitySubsystems
[Subsystems] Discovering subsystems at path C:/Users/alfad/Documents/Unity Projects/Wordle/Assets
GfxDevice: creating device client; threaded=0; jobified=0
Direct3D:
    Version:  Direct3D 11.0 [level 11.1]
    Renderer: Intel(R) HD Graphics 620 (ID=0x5916)
    Vendor:   Intel
    VRAM:     4033 MB
    Driver:   24.20.100.6286
Initialize mono
Mono path[0] = 'C:/Program Files/Unity/Hub/Editor/2021.2.3f1/Editor/Data/Managed'
Mono path[1] = 'C:/Program Files/Unity/Hub/Editor/2021.2.3f1/Editor/Data/MonoBleedingEdge/lib/mono/unityjit-win32'
Mono config path = 'C:/Program Files/Unity/Hub/Editor/2021.2.3f1/Editor/Data/MonoBleedingEdge/etc'
Using monoOptions --debugger-agent=transport=dt_socket,embedding=1,server=y,suspend=n,address=127.0.0.1:56392
Begin MonoManager ReloadAssembly
Registering precompiled unity dll's ...
Register platform support module: C:/Program Files/Unity/Hub/Editor/2021.2.3f1/Editor/Data/PlaybackEngines/WindowsStandaloneSupport/UnityEditor.WindowsStandalone.Extensions.dll
Registered in 0.009010 seconds.
Native extension for WindowsStandalone target not found
Refreshing native plugins compatible for Editor in 118.90 ms, found 4 plugins.
Preloading 0 native plugins for Editor in 0.00 ms.
Mono: successfully reloaded assembly
- Completed reload, in  0.783 seconds
Domain Reload Profiling:
	ReloadAssembly (784ms)
		BeginReloadAssembly (84ms)
			ExecutionOrderSort (0ms)
			DisableScriptedObjects (0ms)
			BackupInstance (0ms)
			ReleaseScriptingObjects (0ms)
			CreateAndSetChildDomain (1ms)
		EndReloadAssembly (607ms)
			LoadAssemblies (81ms)
			RebuildTransferFunctionScriptingTraits (0ms)
			SetupTypeCache (117ms)
			ReleaseScriptCaches (0ms)
			RebuildScriptCaches (35ms)
			SetupLoadedEditorAssemblies (393ms)
				LogAssemblyErrors (0ms)
				InitializePlatformSupportModulesInManaged (47ms)
				SetLoadedEditorAssemblies (0ms)
				RefreshPlugins (119ms)
				BeforeProcessingInitializeOnLoad (2ms)
				ProcessInitializeOnLoadAttributes (162ms)
				ProcessInitializeOnLoadMethodAttributes (62ms)
				AfterProcessingInitializeOnLoad (0ms)
				EditorAssembliesLoaded (0ms)
			ExecutionOrderSort2 (0ms)
			AwakeInstancesAfterBackupRestoration (0ms)
Platform modules already initialized, skipping
Registering precompiled user dll's ...
Registered in 0.010886 seconds.
Begin MonoManager ReloadAssembly
Symbol file LoadedFromMemory doesn't match image C:\Users\alfad\Documents\Unity Projects\Wordle\Library\PackageCache\com.unity.visualscripting@1.7.5\Editor\VisualScripting.Core\Dependencies\YamlDotNet\Unity.VisualScripting.YamlDotNet.dll
Symbol file LoadedFromMemory doesn't match image C:\Users\alfad\Documents\Unity Projects\Wordle\Library\PackageCache\com.unity.visualscripting@1.7.5\Editor\VisualScripting.Core\Dependencies\DotNetZip\Unity.VisualScripting.IonicZip.dll
Native extension for WindowsStandalone target not found
Refreshing native plugins compatible for Editor in 122.40 ms, found 4 plugins.
Preloading 0 native plugins for Editor in 0.00 ms.
Mono: successfully reloaded assembly
- Completed reload, in  5.714 seconds
Domain Reload Profiling:
	ReloadAssembly (5740ms)
		BeginReloadAssembly (259ms)
			ExecutionOrderSort (0ms)
			DisableScriptedObjects (6ms)
			BackupInstance (0ms)
			ReleaseScriptingObjects (0ms)
			CreateAndSetChildDomain (25ms)
		EndReloadAssembly (5368ms)
			LoadAssemblies (476ms)
			RebuildTransferFunctionScriptingTraits (0ms)
			SetupTypeCache (673ms)
			ReleaseScriptCaches (1ms)
			RebuildScriptCaches (71ms)
			SetupLoadedEditorAssemblies (3913ms)
				LogAssemblyErrors (0ms)
				InitializePlatformSupportModulesInManaged (15ms)
				SetLoadedEditorAssemblies (0ms)
				RefreshPlugins (122ms)
				BeforeProcessingInitializeOnLoad (139ms)
				ProcessInitializeOnLoadAttributes (3435ms)
				ProcessInitializeOnLoadMethodAttributes (189ms)
				AfterProcessingInitializeOnLoad (12ms)
				EditorAssembliesLoaded (0ms)
			ExecutionOrderSort2 (0ms)
			AwakeInstancesAfterBackupRestoration (8ms)
Platform modules already initialized, skipping
========================================================================
Worker process is ready to serve import requests
Launched and connected shader compiler UnityShaderCompiler.exe after 1.44 seconds
Refreshing native plugins compatible for Editor in 0.75 ms, found 4 plugins.
Preloading 0 native plugins for Editor in 0.00 ms.
Unloading 3931 Unused Serialized files (Serialized files now loaded: 0)
Unloading 43 unused Assets / (224.7 KB). Loaded Objects now: 4382.
Memory consumption went from 152.1 MB to 151.9 MB.
Total: 145.019700 ms (FindLiveObjects: 0.348400 ms CreateObjectMapping: 0.252500 ms MarkObjects: 144.159600 ms  DeleteObjects: 0.257700 ms)

AssetImportParameters requested are different than current active one (requested -> active):
  custom:video-decoder-ogg-theora: a1e56fd34408186e4bbccfd4996cb3dc -> 
  custom:container-muxer-webm: aa71ff27fc2769a1b78a27578f13a17b -> 
  custom:container-demuxer-webm: 4f35f7cbe854078d1ac9338744f61a02 -> 
  custom:video-encoder-webm-vp8: eb34c28f22e8b96e1ab97ce403110664 -> 
  custom:audio-encoder-webm-vorbis: bf7c407c2cedff20999df2af8eb42d56 -> 
  custom:framework-win-MediaFoundation: 216162199b28c13a410421893ffa2e32 -> 
  custom:container-demuxer-ogg: 62fdf1f143b41e24485cea50d1cbac27 -> 
  custom:video-decoder-webm-vp8: 9c59270c3fd7afecdb556c50c9e8de78 -> 
  custom:audio-decoder-ogg-vorbis: bf7c407c2cedff20999df2af8eb42d56 -> 
========================================================================
Received Import Request.
  Time since last request: 1789153.802390 seconds.
  path: Assets/Resources/Scripts/Words/WordValidator.cs
  artifactKey: Guid(42159ded54c32484faa02961c57d59d9) Importer(815301076,1909f56bfc062723c751e8b465ee728b)
Start importing Assets/Resources/Scripts/Words/WordValidator.cs using Guid(42159ded54c32484faa02961c57d59d9) Importer(815301076,1909f56bfc062723c751e8b465ee728b)  -> (artifact id: '85708d2481fd36798132c434e2c9b51c') in 1.361820 seconds 
========================================================================
Received Import Request.
  Time since last request: 341.763261 seconds.
  path: Assets/Resources/Scripts/Keyboard/KeyInputManager.cs
  artifactKey: Guid(46edc96e42d1e2d4aafdb4f71607dc4b) Importer(815301076,1909f56bfc062723c751e8b465ee728b)
Start importing Assets/Resources/Scripts/Keyboard/KeyInputManager.cs using Guid(46edc96e42d1e2d4aafdb4f71607dc4b) Importer(815301076,1909f56bfc062723c751e8b465ee728b)  -> (artifact id: '438e071aada0e81cb862a701b2ff23a3') in 0.009884 seconds 
========================================================================
Received Import Request.
  Time since last request: 34.066252 seconds.
  path: Assets/Resources/Scripts/Words/WordComparer.cs
  artifactKey: Guid(1e5ce6c8ac5245f4f843d50ccbbc4f9a) Importer(815301076,1909f56bfc062723c751e8b465ee728b)
Start importing Assets/Resources/Scripts/Words/WordComparer.cs using Guid(1e5ce6c8ac5245f4f843d50ccbbc4f9a) Importer(815301076,1909f56bfc062723c751e8b465ee728b)  -> (artifact id: '5d3779870a9d3e528781c99435aebe79') in 0.069944 seconds 
========================================================================
Received Import Request.
  Time since last request: 12.913940 seconds.
  path: Assets/Resources/Scripts/Words/WordComparer.cs
  artifactKey: Guid(1e5ce6c8ac5245f4f843d50ccbbc4f9a) Importer(815301076,1909f56bfc062723c751e8b465ee728b)
Start importing Assets/Resources/Scripts/Words/WordComparer.cs using Guid(1e5ce6c8ac5245f4f843d50ccbbc4f9a) Importer(815301076,1909f56bfc062723c751e8b465ee728b)  -> (artifact id: '786222639d7090fd5f845e72a46a987a') in 0.027574 seconds 
========================================================================
Received Import Request.
  Time since last request: 26.639369 seconds.
  path: Assets/Resources/Scripts/Words/WordComparer.cs
  artifactKey: Guid(1e5ce6c8ac5245f4f843d50ccbbc4f9a) Importer(815301076,1909f56bfc062723c751e8b465ee728b)
Start importing Assets/Resources/Scripts/Words/WordComparer.cs using Guid(1e5ce6c8ac5245f4f843d50ccbbc4f9a) Importer(815301076,1909f56bfc062723c751e8b465ee728b)  -> (artifact id: '1d1df3093de07e752dfe6f4b05cd3dd4') in 0.015958 seconds 
========================================================================
Received Import Request.
  Time since last request: 163.496816 seconds.
  path: Assets/Resources/Scripts/Words/WordComparer.cs
  artifactKey: Guid(1e5ce6c8ac5245f4f843d50ccbbc4f9a) Importer(815301076,1909f56bfc062723c751e8b465ee728b)
Start importing Assets/Resources/Scripts/Words/WordComparer.cs using Guid(1e5ce6c8ac5245f4f843d50ccbbc4f9a) Importer(815301076,1909f56bfc062723c751e8b465ee728b)  -> (artifact id: 'de7c11e2f50aa4752e9e9a323e84b26f') in 0.019331 seconds 
========================================================================
Received Import Request.
  Time since last request: 18.937192 seconds.
  path: Assets/Resources/Scripts/Words/WordComparer.cs
  artifactKey: Guid(1e5ce6c8ac5245f4f843d50ccbbc4f9a) Importer(815301076,1909f56bfc062723c751e8b465ee728b)
Start importing Assets/Resources/Scripts/Words/WordComparer.cs using Guid(1e5ce6c8ac5245f4f843d50ccbbc4f9a) Importer(815301076,1909f56bfc062723c751e8b465ee728b)  -> (artifact id: 'eba99a64072badd0f6aab08edc7993fb') in 0.019917 seconds 
========================================================================
Received Import Request.
  Time since last request: 21.395096 seconds.
  path: Assets/Resources/Scripts/Misc/ClassInitialiser.cs
  artifactKey: Guid(4fe7ace45b511ad49954bfec801d95d2) Importer(815301076,1909f56bfc062723c751e8b465ee728b)
Start importing Assets/Resources/Scripts/Misc/ClassInitialiser.cs using Guid(4fe7ace45b511ad49954bfec801d95d2) Importer(815301076,1909f56bfc062723c751e8b465ee728b)  -> (artifact id: '58b162da2540aca525d8a1d97fae1be5') in 0.127769 seconds 
========================================================================
Received Prepare
Registering precompiled user dll's ...
Registered in 0.009583 seconds.
Begin MonoManager ReloadAssembly
Symbol file LoadedFromMemory doesn't match image C:\Users\alfad\Documents\Unity Projects\Wordle\Library\PackageCache\com.unity.visualscripting@1.7.5\Editor\VisualScripting.Core\Dependencies\YamlDotNet\Unity.VisualScripting.YamlDotNet.dll
Symbol file LoadedFromMemory doesn't match image C:\Users\alfad\Documents\Unity Projects\Wordle\Library\PackageCache\com.unity.visualscripting@1.7.5\Editor\VisualScripting.Core\Dependencies\DotNetZip\Unity.VisualScripting.IonicZip.dll
Native extension for WindowsStandalone target not found
Refreshing native plugins compatible for Editor in 1.10 ms, found 4 plugins.
Preloading 0 native plugins for Editor in 0.00 ms.
Mono: successfully reloaded assembly
- Completed reload, in  2.082 seconds
Domain Reload Profiling:
	ReloadAssembly (2083ms)
		BeginReloadAssembly (212ms)
			ExecutionOrderSort (0ms)
			DisableScriptedObjects (13ms)
			BackupInstance (0ms)
			ReleaseScriptingObjects (0ms)
			CreateAndSetChildDomain (70ms)
		EndReloadAssembly (1724ms)
			LoadAssemblies (113ms)
			RebuildTransferFunctionScriptingTraits (0ms)
			SetupTypeCache (264ms)
			ReleaseScriptCaches (2ms)
			RebuildScriptCaches (78ms)
			SetupLoadedEditorAssemblies (1055ms)
				LogAssemblyErrors (0ms)
				InitializePlatformSupportModulesInManaged (15ms)
				SetLoadedEditorAssemblies (1ms)
				RefreshPlugins (1ms)
				BeforeProcessingInitializeOnLoad (135ms)
				ProcessInitializeOnLoadAttributes (859ms)
				ProcessInitializeOnLoadMethodAttributes (35ms)
				AfterProcessingInitializeOnLoad (10ms)
				EditorAssembliesLoaded (0ms)
			ExecutionOrderSort2 (0ms)
			AwakeInstancesAfterBackupRestoration (11ms)
Platform modules already initialized, skipping
Refreshing native plugins compatible for Editor in 0.77 ms, found 4 plugins.
Preloading 0 native plugins for Editor in 0.00 ms.
Unloading 3913 Unused Serialized files (Serialized files now loaded: 0)
Unloading 32 unused Assets / (191.9 KB). Loaded Objects now: 4384.
Memory consumption went from 150.7 MB to 150.6 MB.
Total: 5.212300 ms (FindLiveObjects: 0.343500 ms CreateObjectMapping: 0.257900 ms MarkObjects: 4.463700 ms  DeleteObjects: 0.146100 ms)

AssetImportParameters requested are different than current active one (requested -> active):
  custom:video-decoder-ogg-theora: a1e56fd34408186e4bbccfd4996cb3dc -> 
  custom:container-muxer-webm: aa71ff27fc2769a1b78a27578f13a17b -> 
  custom:container-demuxer-webm: 4f35f7cbe854078d1ac9338744f61a02 -> 
  custom:video-encoder-webm-vp8: eb34c28f22e8b96e1ab97ce403110664 -> 
  custom:audio-encoder-webm-vorbis: bf7c407c2cedff20999df2af8eb42d56 -> 
  custom:framework-win-MediaFoundation: 216162199b28c13a410421893ffa2e32 -> 
  custom:container-demuxer-ogg: 62fdf1f143b41e24485cea50d1cbac27 -> 
  custom:video-decoder-webm-vp8: 9c59270c3fd7afecdb556c50c9e8de78 -> 
  custom:audio-decoder-ogg-vorbis: bf7c407c2cedff20999df2af8eb42d56 -> 
========================================================================
Received Import Request.
  Time since last request: 30.272230 seconds.
  path: Assets/Resources/Scripts/Gameplay/WordResolver.cs
  artifactKey: Guid(9f554fd113c30534785b1dd9e1fcfa6e) Importer(815301076,1909f56bfc062723c751e8b465ee728b)
Start importing Assets/Resources/Scripts/Gameplay/WordResolver.cs using Guid(9f554fd113c30534785b1dd9e1fcfa6e) Importer(815301076,1909f56bfc062723c751e8b465ee728b)  -> (artifact id: '8269353a03932dde0a9c0c550c7ec73a') in 0.024780 seconds 
========================================================================
Received Import Request.
  Time since last request: 16.334823 seconds.
  path: Assets/Resources/Scripts/Gameplay/WordResolver.cs
  artifactKey: Guid(9f554fd113c30534785b1dd9e1fcfa6e) Importer(815301076,1909f56bfc062723c751e8b465ee728b)
Start importing Assets/Resources/Scripts/Gameplay/WordResolver.cs using Guid(9f554fd113c30534785b1dd9e1fcfa6e) Importer(815301076,1909f56bfc062723c751e8b465ee728b)  -> (artifact id: '800efa6b0600cebc47c86365eff26c8a') in 0.013102 seconds 
========================================================================
Received Import Request.
  Time since last request: 30.817338 seconds.
  path: Assets/Resources/Scripts/Gameplay/WordResolver.cs
  artifactKey: Guid(9f554fd113c30534785b1dd9e1fcfa6e) Importer(815301076,1909f56bfc062723c751e8b465ee728b)
Start importing Assets/Resources/Scripts/Gameplay/WordResolver.cs using Guid(9f554fd113c30534785b1dd9e1fcfa6e) Importer(815301076,1909f56bfc062723c751e8b465ee728b)  -> (artifact id: 'd07a4844b9540fef7604ed561b84f4cc') in 0.004894 seconds 
========================================================================
Received Import Request.
  Time since last request: 30.245712 seconds.
  path: Assets/Resources/Scripts/Gameplay/WordResolver.cs
  artifactKey: Guid(9f554fd113c30534785b1dd9e1fcfa6e) Importer(815301076,1909f56bfc062723c751e8b465ee728b)
Start importing Assets/Resources/Scripts/Gameplay/WordResolver.cs using Guid(9f554fd113c30534785b1dd9e1fcfa6e) Importer(815301076,1909f56bfc062723c751e8b465ee728b)  -> (artifact id: 'd2acd8ea1bb07969466216a80ee865c5') in 0.049368 seconds 
========================================================================
Received Import Request.
  Time since last request: 8.671030 seconds.
  path: Assets/Resources/Scripts/Gameplay/WordResolver.cs
  artifactKey: Guid(9f554fd113c30534785b1dd9e1fcfa6e) Importer(815301076,1909f56bfc062723c751e8b465ee728b)
Start importing Assets/Resources/Scripts/Gameplay/WordResolver.cs using Guid(9f554fd113c30534785b1dd9e1fcfa6e) Importer(815301076,1909f56bfc062723c751e8b465ee728b)  -> (artifact id: '9a70f856ab711bcfc1dfb4dd2c72437d') in 0.015040 seconds 
========================================================================
Received Prepare
Registering precompiled user dll's ...
Registered in 0.011520 seconds.
Begin MonoManager ReloadAssembly
Symbol file LoadedFromMemory doesn't match image C:\Users\alfad\Documents\Unity Projects\Wordle\Library\PackageCache\com.unity.visualscripting@1.7.5\Editor\VisualScripting.Core\Dependencies\YamlDotNet\Unity.VisualScripting.YamlDotNet.dll
Symbol file LoadedFromMemory doesn't match image C:\Users\alfad\Documents\Unity Projects\Wordle\Library\PackageCache\com.unity.visualscripting@1.7.5\Editor\VisualScripting.Core\Dependencies\DotNetZip\Unity.VisualScripting.IonicZip.dll
Native extension for WindowsStandalone target not found
Refreshing native plugins compatible for Editor in 0.75 ms, found 4 plugins.
Preloading 0 native plugins for Editor in 0.00 ms.
Mono: successfully reloaded assembly
- Completed reload, in  1.472 seconds
Domain Reload Profiling:
	ReloadAssembly (1473ms)
		BeginReloadAssembly (228ms)
			ExecutionOrderSort (0ms)
			DisableScriptedObjects (16ms)
			BackupInstance (0ms)
			ReleaseScriptingObjects (0ms)
			CreateAndSetChildDomain (72ms)
		EndReloadAssembly (1130ms)
			LoadAssemblies (142ms)
			RebuildTransferFunctionScriptingTraits (0ms)
			SetupTypeCache (288ms)
			ReleaseScriptCaches (4ms)
			RebuildScriptCaches (56ms)
			SetupLoadedEditorAssemblies (530ms)
				LogAssemblyErrors (0ms)
				InitializePlatformSupportModulesInManaged (15ms)
				SetLoadedEditorAssemblies (1ms)
				RefreshPlugins (1ms)
				BeforeProcessingInitializeOnLoad (95ms)
				ProcessInitializeOnLoadAttributes (373ms)
				ProcessInitializeOnLoadMethodAttributes (35ms)
				AfterProcessingInitializeOnLoad (11ms)
				EditorAssembliesLoaded (0ms)
			ExecutionOrderSort2 (0ms)
			AwakeInstancesAfterBackupRestoration (11ms)
Platform modules already initialized, skipping
Refreshing native plugins compatible for Editor in 0.81 ms, found 4 plugins.
Preloading 0 native plugins for Editor in 0.00 ms.
Unloading 3914 Unused Serialized files (Serialized files now loaded: 0)
Unloading 32 unused Assets / (191.8 KB). Loaded Objects now: 4387.
Memory consumption went from 150.8 MB to 150.6 MB.
Total: 5.513400 ms (FindLiveObjects: 0.535400 ms CreateObjectMapping: 0.339200 ms MarkObjects: 4.492200 ms  DeleteObjects: 0.145600 ms)

AssetImportParameters requested are different than current active one (requested -> active):
  custom:video-decoder-ogg-theora: a1e56fd34408186e4bbccfd4996cb3dc -> 
  custom:container-muxer-webm: aa71ff27fc2769a1b78a27578f13a17b -> 
  custom:container-demuxer-webm: 4f35f7cbe854078d1ac9338744f61a02 -> 
  custom:video-encoder-webm-vp8: eb34c28f22e8b96e1ab97ce403110664 -> 
  custom:audio-encoder-webm-vorbis: bf7c407c2cedff20999df2af8eb42d56 -> 
  custom:framework-win-MediaFoundation: 216162199b28c13a410421893ffa2e32 -> 
  custom:container-demuxer-ogg: 62fdf1f143b41e24485cea50d1cbac27 -> 
  custom:video-decoder-webm-vp8: 9c59270c3fd7afecdb556c50c9e8de78 -> 
  custom:audio-decoder-ogg-vorbis: bf7c407c2cedff20999df2af8eb42d56 -> 
========================================================================
Received Import Request.
  Time since last request: 38.902562 seconds.
  path: Assets/Resources/Scripts/Misc/ClassInitialiser.cs
  artifactKey: Guid(4fe7ace45b511ad49954bfec801d95d2) Importer(815301076,1909f56bfc062723c751e8b465ee728b)
Start importing Assets/Resources/Scripts/Misc/ClassInitialiser.cs using Guid(4fe7ace45b511ad49954bfec801d95d2) Importer(815301076,1909f56bfc062723c751e8b465ee728b)  -> (artifact id: '5a6913c25c4d7cbe2899661d882dcc42') in 0.016280 seconds 
========================================================================
Received Prepare
Registering precompiled user dll's ...
Registered in 0.009927 seconds.
Begin MonoManager ReloadAssembly
Symbol file LoadedFromMemory doesn't match image C:\Users\alfad\Documents\Unity Projects\Wordle\Library\PackageCache\com.unity.visualscripting@1.7.5\Editor\VisualScripting.Core\Dependencies\YamlDotNet\Unity.VisualScripting.YamlDotNet.dll
Symbol file LoadedFromMemory doesn't match image C:\Users\alfad\Documents\Unity Projects\Wordle\Library\PackageCache\com.unity.visualscripting@1.7.5\Editor\VisualScripting.Core\Dependencies\DotNetZip\Unity.VisualScripting.IonicZip.dll
Native extension for WindowsStandalone target not found
Refreshing native plugins compatible for Editor in 0.73 ms, found 4 plugins.
Preloading 0 native plugins for Editor in 0.00 ms.
Mono: successfully reloaded assembly
- Completed reload, in  1.521 seconds
Domain Reload Profiling:
	ReloadAssembly (1522ms)
		BeginReloadAssembly (213ms)
			ExecutionOrderSort (0ms)
			DisableScriptedObjects (9ms)
			BackupInstance (0ms)
			ReleaseScriptingObjects (0ms)
			CreateAndSetChildDomain (53ms)
		EndReloadAssembly (1185ms)
			LoadAssemblies (151ms)
			RebuildTransferFunctionScriptingTraits (0ms)
			SetupTypeCache (270ms)
			ReleaseScriptCaches (2ms)
			RebuildScriptCaches (68ms)
			SetupLoadedEditorAssemblies (556ms)
				LogAssemblyErrors (0ms)
				InitializePlatformSupportModulesInManaged (14ms)
				SetLoadedEditorAssemblies (1ms)
				RefreshPlugins (1ms)
				BeforeProcessingInitializeOnLoad (98ms)
				ProcessInitializeOnLoadAttributes (396ms)
				ProcessInitializeOnLoadMethodAttributes (35ms)
				AfterProcessingInitializeOnLoad (10ms)
				EditorAssembliesLoaded (0ms)
			ExecutionOrderSort2 (0ms)
			AwakeInstancesAfterBackupRestoration (11ms)
Platform modules already initialized, skipping
Refreshing native plugins compatible for Editor in 0.73 ms, found 4 plugins.
Preloading 0 native plugins for Editor in 0.00 ms.
Unloading 3914 Unused Serialized files (Serialized files now loaded: 0)
Unloading 32 unused Assets / (191.8 KB). Loaded Objects now: 4389.
Memory consumption went from 150.8 MB to 150.6 MB.
Total: 4.562300 ms (FindLiveObjects: 0.359100 ms CreateObjectMapping: 0.348100 ms MarkObjects: 3.700800 ms  DeleteObjects: 0.151600 ms)

AssetImportParameters requested are different than current active one (requested -> active):
  custom:video-decoder-ogg-theora: a1e56fd34408186e4bbccfd4996cb3dc -> 
  custom:container-muxer-webm: aa71ff27fc2769a1b78a27578f13a17b -> 
  custom:container-demuxer-webm: 4f35f7cbe854078d1ac9338744f61a02 -> 
  custom:video-encoder-webm-vp8: eb34c28f22e8b96e1ab97ce403110664 -> 
  custom:audio-encoder-webm-vorbis: bf7c407c2cedff20999df2af8eb42d56 -> 
  custom:framework-win-MediaFoundation: 216162199b28c13a410421893ffa2e32 -> 
  custom:container-demuxer-ogg: 62fdf1f143b41e24485cea50d1cbac27 -> 
  custom:video-decoder-webm-vp8: 9c59270c3fd7afecdb556c50c9e8de78 -> 
  custom:audio-decoder-ogg-vorbis: bf7c407c2cedff20999df2af8eb42d56 -> 
========================================================================
Received Import Request.
  Time since last request: 189.472789 seconds.
  path: Assets/Resources/Scripts/Squares/SquareRevealer.cs
  artifactKey: Guid(5d7bf4c431acef546bfa6be1207ca735) Importer(815301076,1909f56bfc062723c751e8b465ee728b)
Start importing Assets/Resources/Scripts/Squares/SquareRevealer.cs using Guid(5d7bf4c431acef546bfa6be1207ca735) Importer(815301076,1909f56bfc062723c751e8b465ee728b)  -> (artifact id: 'ad5aedc315a1c6abe6fb751c7ae09e75') in 0.196577 seconds 
========================================================================
Received Import Request.
  Time since last request: 160.290941 seconds.
  path: Assets/Resources/Scripts/Squares/SquareRevealer.cs
  artifactKey: Guid(5d7bf4c431acef546bfa6be1207ca735) Importer(815301076,1909f56bfc062723c751e8b465ee728b)
Start importing Assets/Resources/Scripts/Squares/SquareRevealer.cs using Guid(5d7bf4c431acef546bfa6be1207ca735) Importer(815301076,1909f56bfc062723c751e8b465ee728b)  -> (artifact id: '0a10009317adad542f0ba7dfb0c2af1d') in 0.013092 seconds 
========================================================================
Received Import Request.
  Time since last request: 6.168513 seconds.
  path: Assets/Resources/Scripts/Squares/SquareRevealer.cs
  artifactKey: Guid(5d7bf4c431acef546bfa6be1207ca735) Importer(815301076,1909f56bfc062723c751e8b465ee728b)
Start importing Assets/Resources/Scripts/Squares/SquareRevealer.cs using Guid(5d7bf4c431acef546bfa6be1207ca735) Importer(815301076,1909f56bfc062723c751e8b465ee728b)  -> (artifact id: 'cd6ffa3658c32522864d48a431b7e04c') in 0.010081 seconds 
========================================================================
Received Import Request.
  Time since last request: 46.681158 seconds.
  path: Assets/Resources/Scripts/Squares/SquareRevealer.cs
  artifactKey: Guid(5d7bf4c431acef546bfa6be1207ca735) Importer(815301076,1909f56bfc062723c751e8b465ee728b)
Start importing Assets/Resources/Scripts/Squares/SquareRevealer.cs using Guid(5d7bf4c431acef546bfa6be1207ca735) Importer(815301076,1909f56bfc062723c751e8b465ee728b)  -> (artifact id: 'd54141830e5e1d1912162fb87431bd96') in 0.013106 seconds 
========================================================================
Received Import Request.
  Time since last request: 9.778681 seconds.
  path: Assets/Resources/Scripts/Squares/SquareRevealer.cs
  artifactKey: Guid(5d7bf4c431acef546bfa6be1207ca735) Importer(815301076,1909f56bfc062723c751e8b465ee728b)
Start importing Assets/Resources/Scripts/Squares/SquareRevealer.cs using Guid(5d7bf4c431acef546bfa6be1207ca735) Importer(815301076,1909f56bfc062723c751e8b465ee728b)  -> (artifact id: '1a7495c1ae11286dcdc354e1600d4a2a') in 0.015035 seconds 
========================================================================
Received Prepare
Registering precompiled user dll's ...
Registered in 0.009605 seconds.
Begin MonoManager ReloadAssembly
Symbol file LoadedFromMemory doesn't match image C:\Users\alfad\Documents\Unity Projects\Wordle\Library\PackageCache\com.unity.visualscripting@1.7.5\Editor\VisualScripting.Core\Dependencies\YamlDotNet\Unity.VisualScripting.YamlDotNet.dll
Symbol file LoadedFromMemory doesn't match image C:\Users\alfad\Documents\Unity Projects\Wordle\Library\PackageCache\com.unity.visualscripting@1.7.5\Editor\VisualScripting.Core\Dependencies\DotNetZip\Unity.VisualScripting.IonicZip.dll
Native extension for WindowsStandalone target not found
Refreshing native plugins compatible for Editor in 0.81 ms, found 4 plugins.
Preloading 0 native plugins for Editor in 0.00 ms.
Mono: successfully reloaded assembly
- Completed reload, in  1.595 seconds
Domain Reload Profiling:
	ReloadAssembly (1596ms)
		BeginReloadAssembly (225ms)
			ExecutionOrderSort (0ms)
			DisableScriptedObjects (9ms)
			BackupInstance (0ms)
			ReleaseScriptingObjects (0ms)
			CreateAndSetChildDomain (56ms)
		EndReloadAssembly (1212ms)
			LoadAssemblies (142ms)
			RebuildTransferFunctionScriptingTraits (0ms)
			SetupTypeCache (279ms)
			ReleaseScriptCaches (1ms)
			RebuildScriptCaches (61ms)
			SetupLoadedEditorAssemblies (570ms)
				LogAssemblyErrors (0ms)
				InitializePlatformSupportModulesInManaged (20ms)
				SetLoadedEditorAssemblies (1ms)
				RefreshPlugins (1ms)
				BeforeProcessingInitializeOnLoad (93ms)
				ProcessInitializeOnLoadAttributes (383ms)
				ProcessInitializeOnLoadMethodAttributes (59ms)
				AfterProcessingInitializeOnLoad (12ms)
				EditorAssembliesLoaded (0ms)
			ExecutionOrderSort2 (0ms)
			AwakeInstancesAfterBackupRestoration (17ms)
Platform modules already initialized, skipping
Refreshing native plugins compatible for Editor in 0.74 ms, found 4 plugins.
Preloading 0 native plugins for Editor in 0.00 ms.
Unloading 3914 Unused Serialized files (Serialized files now loaded: 0)
Unloading 32 unused Assets / (192.1 KB). Loaded Objects now: 4391.
Memory consumption went from 151.2 MB to 151.0 MB.
Total: 4.355700 ms (FindLiveObjects: 0.344300 ms CreateObjectMapping: 0.253100 ms MarkObjects: 3.608800 ms  DeleteObjects: 0.148400 ms)

AssetImportParameters requested are different than current active one (requested -> active):
  custom:video-decoder-ogg-theora: a1e56fd34408186e4bbccfd4996cb3dc -> 
  custom:container-muxer-webm: aa71ff27fc2769a1b78a27578f13a17b -> 
  custom:container-demuxer-webm: 4f35f7cbe854078d1ac9338744f61a02 -> 
  custom:video-encoder-webm-vp8: eb34c28f22e8b96e1ab97ce403110664 -> 
  custom:audio-encoder-webm-vorbis: bf7c407c2cedff20999df2af8eb42d56 -> 
  custom:framework-win-MediaFoundation: 216162199b28c13a410421893ffa2e32 -> 
  custom:container-demuxer-ogg: 62fdf1f143b41e24485cea50d1cbac27 -> 
  custom:video-decoder-webm-vp8: 9c59270c3fd7afecdb556c50c9e8de78 -> 
  custom:audio-decoder-ogg-vorbis: bf7c407c2cedff20999df2af8eb42d56 -> 
========================================================================
Received Prepare
Registering precompiled user dll's ...
Registered in 0.011689 seconds.
Begin MonoManager ReloadAssembly
Symbol file LoadedFromMemory doesn't match image C:\Users\alfad\Documents\Unity Projects\Wordle\Library\PackageCache\com.unity.visualscripting@1.7.5\Editor\VisualScripting.Core\Dependencies\YamlDotNet\Unity.VisualScripting.YamlDotNet.dll
Symbol file LoadedFromMemory doesn't match image C:\Users\alfad\Documents\Unity Projects\Wordle\Library\PackageCache\com.unity.visualscripting@1.7.5\Editor\VisualScripting.Core\Dependencies\DotNetZip\Unity.VisualScripting.IonicZip.dll
Native extension for WindowsStandalone target not found
Refreshing native plugins compatible for Editor in 1.60 ms, found 4 plugins.
Preloading 0 native plugins for Editor in 0.00 ms.
Mono: successfully reloaded assembly
- Completed reload, in  2.352 seconds
Domain Reload Profiling:
	ReloadAssembly (2352ms)
		BeginReloadAssembly (269ms)
			ExecutionOrderSort (0ms)
			DisableScriptedObjects (9ms)
			BackupInstance (0ms)
			ReleaseScriptingObjects (0ms)
			CreateAndSetChildDomain (95ms)
		EndReloadAssembly (1940ms)
			LoadAssemblies (137ms)
			RebuildTransferFunctionScriptingTraits (0ms)
			SetupTypeCache (261ms)
			ReleaseScriptCaches (2ms)
			RebuildScriptCaches (63ms)
			SetupLoadedEditorAssemblies (1322ms)
				LogAssemblyErrors (0ms)
				InitializePlatformSupportModulesInManaged (806ms)
				SetLoadedEditorAssemblies (1ms)
				RefreshPlugins (2ms)
				BeforeProcessingInitializeOnLoad (104ms)
				ProcessInitializeOnLoadAttributes (366ms)
				ProcessInitializeOnLoadMethodAttributes (33ms)
				AfterProcessingInitializeOnLoad (10ms)
				EditorAssembliesLoaded (0ms)
			ExecutionOrderSort2 (0ms)
			AwakeInstancesAfterBackupRestoration (10ms)
Platform modules already initialized, skipping
Refreshing native plugins compatible for Editor in 0.75 ms, found 4 plugins.
Preloading 0 native plugins for Editor in 0.00 ms.
Unloading 3914 Unused Serialized files (Serialized files now loaded: 0)
Unloading 32 unused Assets / (191.8 KB). Loaded Objects now: 4393.
Memory consumption went from 151.2 MB to 151.0 MB.
Total: 5.483000 ms (FindLiveObjects: 0.331800 ms CreateObjectMapping: 0.351800 ms MarkObjects: 4.651200 ms  DeleteObjects: 0.147000 ms)

AssetImportParameters requested are different than current active one (requested -> active):
  custom:video-decoder-ogg-theora: a1e56fd34408186e4bbccfd4996cb3dc -> 
  custom:container-muxer-webm: aa71ff27fc2769a1b78a27578f13a17b -> 
  custom:container-demuxer-webm: 4f35f7cbe854078d1ac9338744f61a02 -> 
  custom:video-encoder-webm-vp8: eb34c28f22e8b96e1ab97ce403110664 -> 
  custom:audio-encoder-webm-vorbis: bf7c407c2cedff20999df2af8eb42d56 -> 
  custom:framework-win-MediaFoundation: 216162199b28c13a410421893ffa2e32 -> 
  custom:container-demuxer-ogg: 62fdf1f143b41e24485cea50d1cbac27 -> 
  custom:video-decoder-webm-vp8: 9c59270c3fd7afecdb556c50c9e8de78 -> 
  custom:audio-decoder-ogg-vorbis: bf7c407c2cedff20999df2af8eb42d56 -> 
========================================================================
Received Import Request.
  Time since last request: 35.408091 seconds.
  path: Assets/Resources/Scripts/Gameplay/WordResolver.cs
  artifactKey: Guid(9f554fd113c30534785b1dd9e1fcfa6e) Importer(815301076,1909f56bfc062723c751e8b465ee728b)
Start importing Assets/Resources/Scripts/Gameplay/WordResolver.cs using Guid(9f554fd113c30534785b1dd9e1fcfa6e) Importer(815301076,1909f56bfc062723c751e8b465ee728b)  -> (artifact id: '8f5650aff77549fbb5a894d61f00dacd') in 0.007405 seconds 
========================================================================
Received Prepare
Registering precompiled user dll's ...
Registered in 0.011990 seconds.
Begin MonoManager ReloadAssembly
Symbol file LoadedFromMemory doesn't match image C:\Users\alfad\Documents\Unity Projects\Wordle\Library\PackageCache\com.unity.visualscripting@1.7.5\Editor\VisualScripting.Core\Dependencies\YamlDotNet\Unity.VisualScripting.YamlDotNet.dll
Symbol file LoadedFromMemory doesn't match image C:\Users\alfad\Documents\Unity Projects\Wordle\Library\PackageCache\com.unity.visualscripting@1.7.5\Editor\VisualScripting.Core\Dependencies\DotNetZip\Unity.VisualScripting.IonicZip.dll
Native extension for WindowsStandalone target not found
Refreshing native plugins compatible for Editor in 0.74 ms, found 4 plugins.
Preloading 0 native plugins for Editor in 0.00 ms.
Mono: successfully reloaded assembly
- Completed reload, in  1.642 seconds
Domain Reload Profiling:
	ReloadAssembly (1644ms)
		BeginReloadAssembly (225ms)
			ExecutionOrderSort (0ms)
			DisableScriptedObjects (19ms)
			BackupInstance (0ms)
			ReleaseScriptingObjects (0ms)
			CreateAndSetChildDomain (49ms)
		EndReloadAssembly (1282ms)
			LoadAssemblies (135ms)
			RebuildTransferFunctionScriptingTraits (0ms)
			SetupTypeCache (251ms)
			ReleaseScriptCaches (1ms)
			RebuildScriptCaches (85ms)
			SetupLoadedEditorAssemblies (617ms)
				LogAssemblyErrors (0ms)
				InitializePlatformSupportModulesInManaged (15ms)
				SetLoadedEditorAssemblies (1ms)
				RefreshPlugins (1ms)
				BeforeProcessingInitializeOnLoad (102ms)
				ProcessInitializeOnLoadAttributes (401ms)
				ProcessInitializeOnLoadMethodAttributes (79ms)
				AfterProcessingInitializeOnLoad (19ms)
				EditorAssembliesLoaded (0ms)
			ExecutionOrderSort2 (0ms)
			AwakeInstancesAfterBackupRestoration (22ms)
Platform modules already initialized, skipping
Refreshing native plugins compatible for Editor in 0.73 ms, found 4 plugins.
Preloading 0 native plugins for Editor in 0.00 ms.
Unloading 3913 Unused Serialized files (Serialized files now loaded: 0)
Unloading 33 unused Assets / (191.9 KB). Loaded Objects now: 4394.
Memory consumption went from 151.2 MB to 151.0 MB.
Total: 4.422300 ms (FindLiveObjects: 0.346000 ms CreateObjectMapping: 0.255200 ms MarkObjects: 3.669000 ms  DeleteObjects: 0.150900 ms)

AssetImportParameters requested are different than current active one (requested -> active):
  custom:video-decoder-ogg-theora: a1e56fd34408186e4bbccfd4996cb3dc -> 
  custom:container-muxer-webm: aa71ff27fc2769a1b78a27578f13a17b -> 
  custom:container-demuxer-webm: 4f35f7cbe854078d1ac9338744f61a02 -> 
  custom:video-encoder-webm-vp8: eb34c28f22e8b96e1ab97ce403110664 -> 
  custom:audio-encoder-webm-vorbis: bf7c407c2cedff20999df2af8eb42d56 -> 
  custom:framework-win-MediaFoundation: 216162199b28c13a410421893ffa2e32 -> 
  custom:container-demuxer-ogg: 62fdf1f143b41e24485cea50d1cbac27 -> 
  custom:video-decoder-webm-vp8: 9c59270c3fd7afecdb556c50c9e8de78 -> 
  custom:audio-decoder-ogg-vorbis: bf7c407c2cedff20999df2af8eb42d56 -> 
========================================================================
Received Prepare
Registering precompiled user dll's ...
Registered in 0.012609 seconds.
Begin MonoManager ReloadAssembly
Symbol file LoadedFromMemory doesn't match image C:\Users\alfad\Documents\Unity Projects\Wordle\Library\PackageCache\com.unity.visualscripting@1.7.5\Editor\VisualScripting.Core\Dependencies\YamlDotNet\Unity.VisualScripting.YamlDotNet.dll
Symbol file LoadedFromMemory doesn't match image C:\Users\alfad\Documents\Unity Projects\Wordle\Library\PackageCache\com.unity.visualscripting@1.7.5\Editor\VisualScripting.Core\Dependencies\DotNetZip\Unity.VisualScripting.IonicZip.dll
Native extension for WindowsStandalone target not found
Refreshing native plugins compatible for Editor in 1.60 ms, found 4 plugins.
Preloading 0 native plugins for Editor in 0.00 ms.
Mono: successfully reloaded assembly
- Completed reload, in  2.842 seconds
Domain Reload Profiling:
	ReloadAssembly (2844ms)
		BeginReloadAssembly (184ms)
			ExecutionOrderSort (0ms)
			DisableScriptedObjects (19ms)
			BackupInstance (0ms)
			ReleaseScriptingObjects (0ms)
			CreateAndSetChildDomain (42ms)
		EndReloadAssembly (2519ms)
			LoadAssemblies (118ms)
			RebuildTransferFunctionScriptingTraits (0ms)
			SetupTypeCache (375ms)
			ReleaseScriptCaches (2ms)
			RebuildScriptCaches (73ms)
			SetupLoadedEditorAssemblies (1712ms)
				LogAssemblyErrors (0ms)
				InitializePlatformSupportModulesInManaged (128ms)
				SetLoadedEditorAssemblies (2ms)
				RefreshPlugins (2ms)
				BeforeProcessingInitializeOnLoad (270ms)
				ProcessInitializeOnLoadAttributes (1186ms)
				ProcessInitializeOnLoadMethodAttributes (100ms)
				AfterProcessingInitializeOnLoad (23ms)
				EditorAssembliesLoaded (2ms)
			ExecutionOrderSort2 (0ms)
			AwakeInstancesAfterBackupRestoration (27ms)
Platform modules already initialized, skipping
Refreshing native plugins compatible for Editor in 1.46 ms, found 4 plugins.
Preloading 0 native plugins for Editor in 0.00 ms.
Unloading 3913 Unused Serialized files (Serialized files now loaded: 0)
Unloading 32 unused Assets / (191.8 KB). Loaded Objects now: 4396.
Memory consumption went from 151.2 MB to 151.0 MB.
Total: 9.607600 ms (FindLiveObjects: 0.541900 ms CreateObjectMapping: 0.585900 ms MarkObjects: 7.957700 ms  DeleteObjects: 0.520000 ms)

AssetImportParameters requested are different than current active one (requested -> active):
  custom:video-decoder-ogg-theora: a1e56fd34408186e4bbccfd4996cb3dc -> 
  custom:container-muxer-webm: aa71ff27fc2769a1b78a27578f13a17b -> 
  custom:container-demuxer-webm: 4f35f7cbe854078d1ac9338744f61a02 -> 
  custom:video-encoder-webm-vp8: eb34c28f22e8b96e1ab97ce403110664 -> 
  custom:audio-encoder-webm-vorbis: bf7c407c2cedff20999df2af8eb42d56 -> 
  custom:framework-win-MediaFoundation: 216162199b28c13a410421893ffa2e32 -> 
  custom:container-demuxer-ogg: 62fdf1f143b41e24485cea50d1cbac27 -> 
  custom:video-decoder-webm-vp8: 9c59270c3fd7afecdb556c50c9e8de78 -> 
  custom:audio-decoder-ogg-vorbis: bf7c407c2cedff20999df2af8eb42d56 -> 
========================================================================
Received Import Request.
  Time since last request: 285.542941 seconds.
  path: Assets/Resources/Scripts/Gameplay/GameUpdater.cs
  artifactKey: Guid(bd9324df6f597d746aa4a37fd3544cb6) Importer(815301076,1909f56bfc062723c751e8b465ee728b)
Start importing Assets/Resources/Scripts/Gameplay/GameUpdater.cs using Guid(bd9324df6f597d746aa4a37fd3544cb6) Importer(815301076,1909f56bfc062723c751e8b465ee728b)  -> (artifact id: '4da1a1cc5a99e43150d37179f8d9c054') in 0.020186 seconds 
========================================================================
Received Import Request.
  Time since last request: 5.368988 seconds.
  path: Assets/Resources/Scripts/Gameplay/GameUpdater.cs
  artifactKey: Guid(bd9324df6f597d746aa4a37fd3544cb6) Importer(815301076,1909f56bfc062723c751e8b465ee728b)
Start importing Assets/Resources/Scripts/Gameplay/GameUpdater.cs using Guid(bd9324df6f597d746aa4a37fd3544cb6) Importer(815301076,1909f56bfc062723c751e8b465ee728b)  -> (artifact id: '5b116047a2ab882487ccf8be23f31015') in 0.005335 seconds 
========================================================================
Received Prepare
Registering precompiled user dll's ...
Registered in 0.012120 seconds.
Begin MonoManager ReloadAssembly
Symbol file LoadedFromMemory doesn't match image C:\Users\alfad\Documents\Unity Projects\Wordle\Library\PackageCache\com.unity.visualscripting@1.7.5\Editor\VisualScripting.Core\Dependencies\YamlDotNet\Unity.VisualScripting.YamlDotNet.dll
Symbol file LoadedFromMemory doesn't match image C:\Users\alfad\Documents\Unity Projects\Wordle\Library\PackageCache\com.unity.visualscripting@1.7.5\Editor\VisualScripting.Core\Dependencies\DotNetZip\Unity.VisualScripting.IonicZip.dll
Native extension for WindowsStandalone target not found
Refreshing native plugins compatible for Editor in 0.74 ms, found 4 plugins.
Preloading 0 native plugins for Editor in 0.00 ms.
Mono: successfully reloaded assembly
- Completed reload, in  1.581 seconds
Domain Reload Profiling:
	ReloadAssembly (1582ms)
		BeginReloadAssembly (221ms)
			ExecutionOrderSort (0ms)
			DisableScriptedObjects (17ms)
			BackupInstance (0ms)
			ReleaseScriptingObjects (0ms)
			CreateAndSetChildDomain (55ms)
		EndReloadAssembly (1225ms)
			LoadAssemblies (138ms)
			RebuildTransferFunctionScriptingTraits (0ms)
			SetupTypeCache (273ms)
			ReleaseScriptCaches (1ms)
			RebuildScriptCaches (71ms)
			SetupLoadedEditorAssemblies (548ms)
				LogAssemblyErrors (0ms)
				InitializePlatformSupportModulesInManaged (19ms)
				SetLoadedEditorAssemblies (1ms)
				RefreshPlugins (1ms)
				BeforeProcessingInitializeOnLoad (96ms)
				ProcessInitializeOnLoadAttributes (386ms)
				ProcessInitializeOnLoadMethodAttributes (34ms)
				AfterProcessingInitializeOnLoad (11ms)
				EditorAssembliesLoaded (0ms)
			ExecutionOrderSort2 (0ms)
			AwakeInstancesAfterBackupRestoration (17ms)
Platform modules already initialized, skipping
Refreshing native plugins compatible for Editor in 0.81 ms, found 4 plugins.
Preloading 0 native plugins for Editor in 0.00 ms.
Unloading 3913 Unused Serialized files (Serialized files now loaded: 0)
Unloading 32 unused Assets / (191.9 KB). Loaded Objects now: 4398.
Memory consumption went from 151.2 MB to 151.0 MB.
Total: 3.959200 ms (FindLiveObjects: 0.334600 ms CreateObjectMapping: 0.266500 ms MarkObjects: 3.206600 ms  DeleteObjects: 0.150500 ms)

AssetImportParameters requested are different than current active one (requested -> active):
  custom:video-decoder-ogg-theora: a1e56fd34408186e4bbccfd4996cb3dc -> 
  custom:container-muxer-webm: aa71ff27fc2769a1b78a27578f13a17b -> 
  custom:container-demuxer-webm: 4f35f7cbe854078d1ac9338744f61a02 -> 
  custom:video-encoder-webm-vp8: eb34c28f22e8b96e1ab97ce403110664 -> 
  custom:audio-encoder-webm-vorbis: bf7c407c2cedff20999df2af8eb42d56 -> 
  custom:framework-win-MediaFoundation: 216162199b28c13a410421893ffa2e32 -> 
  custom:container-demuxer-ogg: 62fdf1f143b41e24485cea50d1cbac27 -> 
  custom:video-decoder-webm-vp8: 9c59270c3fd7afecdb556c50c9e8de78 -> 
  custom:audio-decoder-ogg-vorbis: bf7c407c2cedff20999df2af8eb42d56 -> 
========================================================================
Received Import Request.
  Time since last request: 55.703519 seconds.
  path: Assets/Resources/Scripts/Gameplay/GameUpdater.cs
  artifactKey: Guid(bd9324df6f597d746aa4a37fd3544cb6) Importer(815301076,1909f56bfc062723c751e8b465ee728b)
Start importing Assets/Resources/Scripts/Gameplay/GameUpdater.cs using Guid(bd9324df6f597d746aa4a37fd3544cb6) Importer(815301076,1909f56bfc062723c751e8b465ee728b)  -> (artifact id: 'ef388e156dc66dd391b9331460293b68') in 0.017762 seconds 
========================================================================
Received Import Request.
  Time since last request: 423.784049 seconds.
  path: Assets/Resources/Scripts/Gameplay/GameUpdater.cs
  artifactKey: Guid(bd9324df6f597d746aa4a37fd3544cb6) Importer(815301076,1909f56bfc062723c751e8b465ee728b)
Start importing Assets/Resources/Scripts/Gameplay/GameUpdater.cs using Guid(bd9324df6f597d746aa4a37fd3544cb6) Importer(815301076,1909f56bfc062723c751e8b465ee728b)  -> (artifact id: 'eb7e1a2f9582b3cba13a7202f0856398') in 0.011168 seconds 
========================================================================
Received Import Request.
  Time since last request: 108.974315 seconds.
  path: Assets/Resources/Scripts/Gameplay/GameUpdater.cs
  artifactKey: Guid(bd9324df6f597d746aa4a37fd3544cb6) Importer(815301076,1909f56bfc062723c751e8b465ee728b)
Start importing Assets/Resources/Scripts/Gameplay/GameUpdater.cs using Guid(bd9324df6f597d746aa4a37fd3544cb6) Importer(815301076,1909f56bfc062723c751e8b465ee728b)  -> (artifact id: '09eccd7d6e4d941d27d353b7d4d87a80') in 0.007311 seconds 
========================================================================
Received Import Request.
  Time since last request: 10.581399 seconds.
  path: Assets/Resources/Scripts/Gameplay/GameUpdater.cs
  artifactKey: Guid(bd9324df6f597d746aa4a37fd3544cb6) Importer(815301076,1909f56bfc062723c751e8b465ee728b)
Start importing Assets/Resources/Scripts/Gameplay/GameUpdater.cs using Guid(bd9324df6f597d746aa4a37fd3544cb6) Importer(815301076,1909f56bfc062723c751e8b465ee728b)  -> (artifact id: 'd088a76587bead14bfdb6095a88908c4') in 0.014749 seconds 
========================================================================
Received Import Request.
  Time since last request: 10.831242 seconds.
  path: Assets/Resources/Scripts/Gameplay/GameUpdater.cs
  artifactKey: Guid(bd9324df6f597d746aa4a37fd3544cb6) Importer(815301076,1909f56bfc062723c751e8b465ee728b)
Start importing Assets/Resources/Scripts/Gameplay/GameUpdater.cs using Guid(bd9324df6f597d746aa4a37fd3544cb6) Importer(815301076,1909f56bfc062723c751e8b465ee728b)  -> (artifact id: '43dddb45e5631fbd285d30c0792448e6') in 0.013288 seconds 
========================================================================
Received Prepare
Registering precompiled user dll's ...
Registered in 0.009714 seconds.
Begin MonoManager ReloadAssembly
Symbol file LoadedFromMemory doesn't match image C:\Users\alfad\Documents\Unity Projects\Wordle\Library\PackageCache\com.unity.visualscripting@1.7.5\Editor\VisualScripting.Core\Dependencies\YamlDotNet\Unity.VisualScripting.YamlDotNet.dll
Symbol file LoadedFromMemory doesn't match image C:\Users\alfad\Documents\Unity Projects\Wordle\Library\PackageCache\com.unity.visualscripting@1.7.5\Editor\VisualScripting.Core\Dependencies\DotNetZip\Unity.VisualScripting.IonicZip.dll
Native extension for WindowsStandalone target not found
Refreshing native plugins compatible for Editor in 0.75 ms, found 4 plugins.
Preloading 0 native plugins for Editor in 0.00 ms.
Mono: successfully reloaded assembly
- Completed reload, in  1.578 seconds
Domain Reload Profiling:
	ReloadAssembly (1579ms)
		BeginReloadAssembly (185ms)
			ExecutionOrderSort (0ms)
			DisableScriptedObjects (9ms)
			BackupInstance (0ms)
			ReleaseScriptingObjects (0ms)
			CreateAndSetChildDomain (49ms)
		EndReloadAssembly (1267ms)
			LoadAssemblies (110ms)
			RebuildTransferFunctionScriptingTraits (0ms)
			SetupTypeCache (335ms)
			ReleaseScriptCaches (1ms)
			RebuildScriptCaches (66ms)
			SetupLoadedEditorAssemblies (558ms)
				LogAssemblyErrors (0ms)
				InitializePlatformSupportModulesInManaged (15ms)
				SetLoadedEditorAssemblies (1ms)
				RefreshPlugins (1ms)
				BeforeProcessingInitializeOnLoad (97ms)
				ProcessInitializeOnLoadAttributes (393ms)
				ProcessInitializeOnLoadMethodAttributes (38ms)
				AfterProcessingInitializeOnLoad (12ms)
				EditorAssembliesLoaded (0ms)
			ExecutionOrderSort2 (0ms)
			AwakeInstancesAfterBackupRestoration (11ms)
Platform modules already initialized, skipping
Refreshing native plugins compatible for Editor in 0.75 ms, found 4 plugins.
Preloading 0 native plugins for Editor in 0.00 ms.
Unloading 3913 Unused Serialized files (Serialized files now loaded: 0)
Unloading 32 unused Assets / (192.0 KB). Loaded Objects now: 4400.
Memory consumption went from 151.2 MB to 151.0 MB.
Total: 3.805900 ms (FindLiveObjects: 0.340200 ms CreateObjectMapping: 0.266900 ms MarkObjects: 3.014100 ms  DeleteObjects: 0.183600 ms)

AssetImportParameters requested are different than current active one (requested -> active):
  custom:video-decoder-ogg-theora: a1e56fd34408186e4bbccfd4996cb3dc -> 
  custom:container-muxer-webm: aa71ff27fc2769a1b78a27578f13a17b -> 
  custom:container-demuxer-webm: 4f35f7cbe854078d1ac9338744f61a02 -> 
  custom:video-encoder-webm-vp8: eb34c28f22e8b96e1ab97ce403110664 -> 
  custom:audio-encoder-webm-vorbis: bf7c407c2cedff20999df2af8eb42d56 -> 
  custom:framework-win-MediaFoundation: 216162199b28c13a410421893ffa2e32 -> 
  custom:container-demuxer-ogg: 62fdf1f143b41e24485cea50d1cbac27 -> 
  custom:video-decoder-webm-vp8: 9c59270c3fd7afecdb556c50c9e8de78 -> 
  custom:audio-decoder-ogg-vorbis: bf7c407c2cedff20999df2af8eb42d56 -> 
========================================================================
Received Import Request.
  Time since last request: 25.086857 seconds.
  path: Assets/Resources/Scripts/Gameplay/GameUpdater.cs
  artifactKey: Guid(bd9324df6f597d746aa4a37fd3544cb6) Importer(815301076,1909f56bfc062723c751e8b465ee728b)
Start importing Assets/Resources/Scripts/Gameplay/GameUpdater.cs using Guid(bd9324df6f597d746aa4a37fd3544cb6) Importer(815301076,1909f56bfc062723c751e8b465ee728b)  -> (artifact id: 'd7ba40501a6492b466a75afc3af95c3b') in 0.013624 seconds 
========================================================================
Received Prepare
Registering precompiled user dll's ...
Registered in 0.013113 seconds.
Begin MonoManager ReloadAssembly
Symbol file LoadedFromMemory doesn't match image C:\Users\alfad\Documents\Unity Projects\Wordle\Library\PackageCache\com.unity.visualscripting@1.7.5\Editor\VisualScripting.Core\Dependencies\YamlDotNet\Unity.VisualScripting.YamlDotNet.dll
Symbol file LoadedFromMemory doesn't match image C:\Users\alfad\Documents\Unity Projects\Wordle\Library\PackageCache\com.unity.visualscripting@1.7.5\Editor\VisualScripting.Core\Dependencies\DotNetZip\Unity.VisualScripting.IonicZip.dll
Native extension for WindowsStandalone target not found
Refreshing native plugins compatible for Editor in 0.91 ms, found 4 plugins.
Preloading 0 native plugins for Editor in 0.00 ms.
Mono: successfully reloaded assembly
- Completed reload, in  1.470 seconds
Domain Reload Profiling:
	ReloadAssembly (1471ms)
		BeginReloadAssembly (292ms)
			ExecutionOrderSort (0ms)
			DisableScriptedObjects (8ms)
			BackupInstance (0ms)
			ReleaseScriptingObjects (0ms)
			CreateAndSetChildDomain (62ms)
		EndReloadAssembly (1053ms)
			LoadAssemblies (198ms)
			RebuildTransferFunctionScriptingTraits (0ms)
			SetupTypeCache (240ms)
			ReleaseScriptCaches (1ms)
			RebuildScriptCaches (56ms)
			SetupLoadedEditorAssemblies (529ms)
				LogAssemblyErrors (0ms)
				InitializePlatformSupportModulesInManaged (14ms)
				SetLoadedEditorAssemblies (1ms)
				RefreshPlugins (1ms)
				BeforeProcessingInitializeOnLoad (100ms)
				ProcessInitializeOnLoadAttributes (369ms)
				ProcessInitializeOnLoadMethodAttributes (34ms)
				AfterProcessingInitializeOnLoad (10ms)
				EditorAssembliesLoaded (0ms)
			ExecutionOrderSort2 (0ms)
			AwakeInstancesAfterBackupRestoration (11ms)
Platform modules already initialized, skipping
Refreshing native plugins compatible for Editor in 0.74 ms, found 4 plugins.
Preloading 0 native plugins for Editor in 0.00 ms.
Unloading 3913 Unused Serialized files (Serialized files now loaded: 0)
Unloading 32 unused Assets / (191.8 KB). Loaded Objects now: 4402.
Memory consumption went from 151.2 MB to 151.0 MB.
Total: 3.747800 ms (FindLiveObjects: 0.347900 ms CreateObjectMapping: 0.255500 ms MarkObjects: 2.969900 ms  DeleteObjects: 0.173200 ms)

AssetImportParameters requested are different than current active one (requested -> active):
  custom:video-decoder-ogg-theora: a1e56fd34408186e4bbccfd4996cb3dc -> 
  custom:container-muxer-webm: aa71ff27fc2769a1b78a27578f13a17b -> 
  custom:container-demuxer-webm: 4f35f7cbe854078d1ac9338744f61a02 -> 
  custom:video-encoder-webm-vp8: eb34c28f22e8b96e1ab97ce403110664 -> 
  custom:audio-encoder-webm-vorbis: bf7c407c2cedff20999df2af8eb42d56 -> 
  custom:framework-win-MediaFoundation: 216162199b28c13a410421893ffa2e32 -> 
  custom:container-demuxer-ogg: 62fdf1f143b41e24485cea50d1cbac27 -> 
  custom:video-decoder-webm-vp8: 9c59270c3fd7afecdb556c50c9e8de78 -> 
  custom:audio-decoder-ogg-vorbis: bf7c407c2cedff20999df2af8eb42d56 -> 
========================================================================
Received Import Request.
  Time since last request: 147.463915 seconds.
  path: Assets/Resources/Scripts/Gameplay/GameUpdater.cs
  artifactKey: Guid(bd9324df6f597d746aa4a37fd3544cb6) Importer(815301076,1909f56bfc062723c751e8b465ee728b)
Start importing Assets/Resources/Scripts/Gameplay/GameUpdater.cs using Guid(bd9324df6f597d746aa4a37fd3544cb6) Importer(815301076,1909f56bfc062723c751e8b465ee728b)  -> (artifact id: 'cecde72a3c60dfe747b574549a8e587b') in 0.013486 seconds 
========================================================================
Received Import Request.
  Time since last request: 16.274760 seconds.
  path: Assets/Resources/Scripts/Gameplay/GameUpdater.cs
  artifactKey: Guid(bd9324df6f597d746aa4a37fd3544cb6) Importer(815301076,1909f56bfc062723c751e8b465ee728b)
Start importing Assets/Resources/Scripts/Gameplay/GameUpdater.cs using Guid(bd9324df6f597d746aa4a37fd3544cb6) Importer(815301076,1909f56bfc062723c751e8b465ee728b)  -> (artifact id: 'd7ea43f0185d0eb898a3bd525cc24725') in 0.007138 seconds 
========================================================================
Received Import Request.
  Time since last request: 3.495719 seconds.
  path: Assets/Resources/Scripts/Gameplay/GameUpdater.cs
  artifactKey: Guid(bd9324df6f597d746aa4a37fd3544cb6) Importer(815301076,1909f56bfc062723c751e8b465ee728b)
Start importing Assets/Resources/Scripts/Gameplay/GameUpdater.cs using Guid(bd9324df6f597d746aa4a37fd3544cb6) Importer(815301076,1909f56bfc062723c751e8b465ee728b)  -> (artifact id: '486ecbeefe7ae644499f7ef1b71db0df') in 0.013253 seconds 
========================================================================
Received Import Request.
  Time since last request: 61.308812 seconds.
  path: Assets/Resources/Scripts/Gameplay/GameUpdater.cs
  artifactKey: Guid(bd9324df6f597d746aa4a37fd3544cb6) Importer(815301076,1909f56bfc062723c751e8b465ee728b)
Start importing Assets/Resources/Scripts/Gameplay/GameUpdater.cs using Guid(bd9324df6f597d746aa4a37fd3544cb6) Importer(815301076,1909f56bfc062723c751e8b465ee728b)  -> (artifact id: 'eec6ff7206809d94b515554ff730c508') in 0.009588 seconds 
========================================================================
Received Prepare
Registering precompiled user dll's ...
Registered in 0.012399 seconds.
Begin MonoManager ReloadAssembly
Symbol file LoadedFromMemory doesn't match image C:\Users\alfad\Documents\Unity Projects\Wordle\Library\PackageCache\com.unity.visualscripting@1.7.5\Editor\VisualScripting.Core\Dependencies\YamlDotNet\Unity.VisualScripting.YamlDotNet.dll
Symbol file LoadedFromMemory doesn't match image C:\Users\alfad\Documents\Unity Projects\Wordle\Library\PackageCache\com.unity.visualscripting@1.7.5\Editor\VisualScripting.Core\Dependencies\DotNetZip\Unity.VisualScripting.IonicZip.dll
Native extension for WindowsStandalone target not found
Refreshing native plugins compatible for Editor in 0.76 ms, found 4 plugins.
Preloading 0 native plugins for Editor in 0.00 ms.
Mono: successfully reloaded assembly
- Completed reload, in  1.572 seconds
Domain Reload Profiling:
	ReloadAssembly (1573ms)
		BeginReloadAssembly (324ms)
			ExecutionOrderSort (0ms)
			DisableScriptedObjects (12ms)
			BackupInstance (0ms)
			ReleaseScriptingObjects (0ms)
			CreateAndSetChildDomain (106ms)
		EndReloadAssembly (1128ms)
			LoadAssemblies (198ms)
			RebuildTransferFunctionScriptingTraits (0ms)
			SetupTypeCache (257ms)
			ReleaseScriptCaches (1ms)
			RebuildScriptCaches (57ms)
			SetupLoadedEditorAssemblies (536ms)
				LogAssemblyErrors (0ms)
				InitializePlatformSupportModulesInManaged (15ms)
				SetLoadedEditorAssemblies (1ms)
				RefreshPlugins (1ms)
				BeforeProcessingInitializeOnLoad (99ms)
				ProcessInitializeOnLoadAttributes (376ms)
				ProcessInitializeOnLoadMethodAttributes (35ms)
				AfterProcessingInitializeOnLoad (10ms)
				EditorAssembliesLoaded (0ms)
			ExecutionOrderSort2 (0ms)
			AwakeInstancesAfterBackupRestoration (11ms)
Platform modules already initialized, skipping
Refreshing native plugins compatible for Editor in 0.74 ms, found 4 plugins.
Preloading 0 native plugins for Editor in 0.00 ms.
Unloading 3913 Unused Serialized files (Serialized files now loaded: 0)
Unloading 32 unused Assets / (191.9 KB). Loaded Objects now: 4404.
Memory consumption went from 151.2 MB to 151.1 MB.
Total: 4.222100 ms (FindLiveObjects: 0.343600 ms CreateObjectMapping: 0.261200 ms MarkObjects: 3.454700 ms  DeleteObjects: 0.161400 ms)

AssetImportParameters requested are different than current active one (requested -> active):
  custom:video-decoder-ogg-theora: a1e56fd34408186e4bbccfd4996cb3dc -> 
  custom:container-muxer-webm: aa71ff27fc2769a1b78a27578f13a17b -> 
  custom:container-demuxer-webm: 4f35f7cbe854078d1ac9338744f61a02 -> 
  custom:video-encoder-webm-vp8: eb34c28f22e8b96e1ab97ce403110664 -> 
  custom:audio-encoder-webm-vorbis: bf7c407c2cedff20999df2af8eb42d56 -> 
  custom:framework-win-MediaFoundation: 216162199b28c13a410421893ffa2e32 -> 
  custom:container-demuxer-ogg: 62fdf1f143b41e24485cea50d1cbac27 -> 
  custom:video-decoder-webm-vp8: 9c59270c3fd7afecdb556c50c9e8de78 -> 
  custom:audio-decoder-ogg-vorbis: bf7c407c2cedff20999df2af8eb42d56 -> 
========================================================================
Received Prepare
Registering precompiled user dll's ...
Registered in 0.015964 seconds.
Begin MonoManager ReloadAssembly
Symbol file LoadedFromMemory doesn't match image C:\Users\alfad\Documents\Unity Projects\Wordle\Library\PackageCache\com.unity.visualscripting@1.7.5\Editor\VisualScripting.Core\Dependencies\YamlDotNet\Unity.VisualScripting.YamlDotNet.dll
Symbol file LoadedFromMemory doesn't match image C:\Users\alfad\Documents\Unity Projects\Wordle\Library\PackageCache\com.unity.visualscripting@1.7.5\Editor\VisualScripting.Core\Dependencies\DotNetZip\Unity.VisualScripting.IonicZip.dll
Native extension for WindowsStandalone target not found
Refreshing native plugins compatible for Editor in 1.40 ms, found 4 plugins.
Preloading 0 native plugins for Editor in 0.00 ms.
Mono: successfully reloaded assembly
- Completed reload, in  3.231 seconds
Domain Reload Profiling:
	ReloadAssembly (3233ms)
		BeginReloadAssembly (185ms)
			ExecutionOrderSort (0ms)
			DisableScriptedObjects (9ms)
			BackupInstance (0ms)
			ReleaseScriptingObjects (0ms)
			CreateAndSetChildDomain (49ms)
		EndReloadAssembly (2904ms)
			LoadAssemblies (137ms)
			RebuildTransferFunctionScriptingTraits (0ms)
			SetupTypeCache (776ms)
			ReleaseScriptCaches (4ms)
			RebuildScriptCaches (159ms)
			SetupLoadedEditorAssemblies (1393ms)
				LogAssemblyErrors (0ms)
				InitializePlatformSupportModulesInManaged (31ms)
				SetLoadedEditorAssemblies (2ms)
				RefreshPlugins (2ms)
				BeforeProcessingInitializeOnLoad (230ms)
				ProcessInitializeOnLoadAttributes (1012ms)
				ProcessInitializeOnLoadMethodAttributes (94ms)
				AfterProcessingInitializeOnLoad (22ms)
				EditorAssembliesLoaded (0ms)
			ExecutionOrderSort2 (0ms)
			AwakeInstancesAfterBackupRestoration (29ms)
Platform modules already initialized, skipping
Refreshing native plugins compatible for Editor in 0.80 ms, found 4 plugins.
Preloading 0 native plugins for Editor in 0.00 ms.
Unloading 3913 Unused Serialized files (Serialized files now loaded: 0)
Unloading 32 unused Assets / (191.9 KB). Loaded Objects now: 4406.
Memory consumption went from 151.2 MB to 151.1 MB.
Total: 9.443800 ms (FindLiveObjects: 0.941700 ms CreateObjectMapping: 0.529900 ms MarkObjects: 7.555600 ms  DeleteObjects: 0.412900 ms)

AssetImportParameters requested are different than current active one (requested -> active):
  custom:video-decoder-ogg-theora: a1e56fd34408186e4bbccfd4996cb3dc -> 
  custom:container-muxer-webm: aa71ff27fc2769a1b78a27578f13a17b -> 
  custom:container-demuxer-webm: 4f35f7cbe854078d1ac9338744f61a02 -> 
  custom:video-encoder-webm-vp8: eb34c28f22e8b96e1ab97ce403110664 -> 
  custom:audio-encoder-webm-vorbis: bf7c407c2cedff20999df2af8eb42d56 -> 
  custom:framework-win-MediaFoundation: 216162199b28c13a410421893ffa2e32 -> 
  custom:container-demuxer-ogg: 62fdf1f143b41e24485cea50d1cbac27 -> 
  custom:video-decoder-webm-vp8: 9c59270c3fd7afecdb556c50c9e8de78 -> 
  custom:audio-decoder-ogg-vorbis: bf7c407c2cedff20999df2af8eb42d56 -> 
========================================================================
Received Prepare
Registering precompiled user dll's ...
Registered in 0.009960 seconds.
Begin MonoManager ReloadAssembly
Symbol file LoadedFromMemory doesn't match image C:\Users\alfad\Documents\Unity Projects\Wordle\Library\PackageCache\com.unity.visualscripting@1.7.5\Editor\VisualScripting.Core\Dependencies\YamlDotNet\Unity.VisualScripting.YamlDotNet.dll
Symbol file LoadedFromMemory doesn't match image C:\Users\alfad\Documents\Unity Projects\Wordle\Library\PackageCache\com.unity.visualscripting@1.7.5\Editor\VisualScripting.Core\Dependencies\DotNetZip\Unity.VisualScripting.IonicZip.dll
Native extension for WindowsStandalone target not found
Refreshing native plugins compatible for Editor in 1.25 ms, found 4 plugins.
Preloading 0 native plugins for Editor in 0.00 ms.
Mono: successfully reloaded assembly
- Completed reload, in  3.624 seconds
Domain Reload Profiling:
	ReloadAssembly (3627ms)
		BeginReloadAssembly (191ms)
			ExecutionOrderSort (0ms)
			DisableScriptedObjects (10ms)
			BackupInstance (0ms)
			ReleaseScriptingObjects (0ms)
			CreateAndSetChildDomain (53ms)
		EndReloadAssembly (3292ms)
			LoadAssemblies (133ms)
			RebuildTransferFunctionScriptingTraits (0ms)
			SetupTypeCache (828ms)
			ReleaseScriptCaches (2ms)
			RebuildScriptCaches (331ms)
			SetupLoadedEditorAssemblies (1530ms)
				LogAssemblyErrors (0ms)
				InitializePlatformSupportModulesInManaged (18ms)
				SetLoadedEditorAssemblies (1ms)
				RefreshPlugins (1ms)
				BeforeProcessingInitializeOnLoad (220ms)
				ProcessInitializeOnLoadAttributes (1167ms)
				ProcessInitializeOnLoadMethodAttributes (93ms)
				AfterProcessingInitializeOnLoad (29ms)
				EditorAssembliesLoaded (0ms)
			ExecutionOrderSort2 (0ms)
			AwakeInstancesAfterBackupRestoration (26ms)
Platform modules already initialized, skipping
Refreshing native plugins compatible for Editor in 1.92 ms, found 4 plugins.
Preloading 0 native plugins for Editor in 0.00 ms.
Unloading 3913 Unused Serialized files (Serialized files now loaded: 0)
Unloading 32 unused Assets / (191.9 KB). Loaded Objects now: 4408.
Memory consumption went from 151.3 MB to 151.1 MB.
Total: 10.085800 ms (FindLiveObjects: 0.687300 ms CreateObjectMapping: 1.705800 ms MarkObjects: 7.134100 ms  DeleteObjects: 0.550700 ms)

AssetImportParameters requested are different than current active one (requested -> active):
  custom:video-decoder-ogg-theora: a1e56fd34408186e4bbccfd4996cb3dc -> 
  custom:container-muxer-webm: aa71ff27fc2769a1b78a27578f13a17b -> 
  custom:container-demuxer-webm: 4f35f7cbe854078d1ac9338744f61a02 -> 
  custom:video-encoder-webm-vp8: eb34c28f22e8b96e1ab97ce403110664 -> 
  custom:audio-encoder-webm-vorbis: bf7c407c2cedff20999df2af8eb42d56 -> 
  custom:framework-win-MediaFoundation: 216162199b28c13a410421893ffa2e32 -> 
  custom:container-demuxer-ogg: 62fdf1f143b41e24485cea50d1cbac27 -> 
  custom:video-decoder-webm-vp8: 9c59270c3fd7afecdb556c50c9e8de78 -> 
  custom:audio-decoder-ogg-vorbis: bf7c407c2cedff20999df2af8eb42d56 -> 
========================================================================
Received Prepare
Registering precompiled user dll's ...
Registered in 0.011059 seconds.
Begin MonoManager ReloadAssembly
Symbol file LoadedFromMemory doesn't match image C:\Users\alfad\Documents\Unity Projects\Wordle\Library\PackageCache\com.unity.visualscripting@1.7.5\Editor\VisualScripting.Core\Dependencies\YamlDotNet\Unity.VisualScripting.YamlDotNet.dll
Symbol file LoadedFromMemory doesn't match image C:\Users\alfad\Documents\Unity Projects\Wordle\Library\PackageCache\com.unity.visualscripting@1.7.5\Editor\VisualScripting.Core\Dependencies\DotNetZip\Unity.VisualScripting.IonicZip.dll
Native extension for WindowsStandalone target not found
Refreshing native plugins compatible for Editor in 1.13 ms, found 4 plugins.
Preloading 0 native plugins for Editor in 0.00 ms.
Mono: successfully reloaded assembly
- Completed reload, in  3.459 seconds
Domain Reload Profiling:
	ReloadAssembly (3461ms)
		BeginReloadAssembly (191ms)
			ExecutionOrderSort (0ms)
			DisableScriptedObjects (17ms)
			BackupInstance (0ms)
			ReleaseScriptingObjects (0ms)
			CreateAndSetChildDomain (59ms)
		EndReloadAssembly (3134ms)
			LoadAssemblies (133ms)
			RebuildTransferFunctionScriptingTraits (0ms)
			SetupTypeCache (820ms)
			ReleaseScriptCaches (4ms)
			RebuildScriptCaches (181ms)
			SetupLoadedEditorAssemblies (1525ms)
				LogAssemblyErrors (0ms)
				InitializePlatformSupportModulesInManaged (43ms)
				SetLoadedEditorAssemblies (1ms)
				RefreshPlugins (1ms)
				BeforeProcessingInitializeOnLoad (261ms)
				ProcessInitializeOnLoadAttributes (1089ms)
				ProcessInitializeOnLoadMethodAttributes (107ms)
				AfterProcessingInitializeOnLoad (23ms)
				EditorAssembliesLoaded (0ms)
			ExecutionOrderSort2 (0ms)
			AwakeInstancesAfterBackupRestoration (33ms)
Platform modules already initialized, skipping
Refreshing native plugins compatible for Editor in 1.44 ms, found 4 plugins.
Preloading 0 native plugins for Editor in 0.00 ms.
Unloading 3913 Unused Serialized files (Serialized files now loaded: 0)
Unloading 32 unused Assets / (191.7 KB). Loaded Objects now: 4410.
Memory consumption went from 151.3 MB to 151.1 MB.
Total: 10.751100 ms (FindLiveObjects: 1.182100 ms CreateObjectMapping: 0.774100 ms MarkObjects: 7.968500 ms  DeleteObjects: 0.823100 ms)

AssetImportParameters requested are different than current active one (requested -> active):
  custom:video-decoder-ogg-theora: a1e56fd34408186e4bbccfd4996cb3dc -> 
  custom:container-muxer-webm: aa71ff27fc2769a1b78a27578f13a17b -> 
  custom:container-demuxer-webm: 4f35f7cbe854078d1ac9338744f61a02 -> 
  custom:video-encoder-webm-vp8: eb34c28f22e8b96e1ab97ce403110664 -> 
  custom:audio-encoder-webm-vorbis: bf7c407c2cedff20999df2af8eb42d56 -> 
  custom:framework-win-MediaFoundation: 216162199b28c13a410421893ffa2e32 -> 
  custom:container-demuxer-ogg: 62fdf1f143b41e24485cea50d1cbac27 -> 
  custom:video-decoder-webm-vp8: 9c59270c3fd7afecdb556c50c9e8de78 -> 
  custom:audio-decoder-ogg-vorbis: bf7c407c2cedff20999df2af8eb42d56 -> 
========================================================================
Received Import Request.
  Time since last request: 2019.333206 seconds.
  path: Assets/Resources/Sprites/letter.png
  artifactKey: Guid(ce7d603fff555ce4f875f07b1a853560) Importer(815301076,1909f56bfc062723c751e8b465ee728b)
Start importing Assets/Resources/Sprites/letter.png using Guid(ce7d603fff555ce4f875f07b1a853560) Importer(815301076,1909f56bfc062723c751e8b465ee728b)  -> (artifact id: '69184ddcf1d197a7d95fd342dfe1e081') in 0.691102 seconds 
========================================================================
Received Import Request.
  Time since last request: 4.240425 seconds.
  path: Assets/Resources/Misc/sprite_default.preset
  artifactKey: Guid(66d8b67591d7f404e873a9dcdfd18efc) Importer(815301076,1909f56bfc062723c751e8b465ee728b)
Start importing Assets/Resources/Misc/sprite_default.preset using Guid(66d8b67591d7f404e873a9dcdfd18efc) Importer(815301076,1909f56bfc062723c751e8b465ee728b)  -> (artifact id: 'b03c3512ddd6030ff0f4102c692e7d08') in 0.039621 seconds 
========================================================================
Received Import Request.
  Time since last request: 6.377378 seconds.
  path: Assets/Resources/Sprites/enter_backspace.png
  artifactKey: Guid(fc77e4d91ccef0d4a897c146a483500f) Importer(815301076,1909f56bfc062723c751e8b465ee728b)
Start importing Assets/Resources/Sprites/enter_backspace.png using Guid(fc77e4d91ccef0d4a897c146a483500f) Importer(815301076,1909f56bfc062723c751e8b465ee728b)  -> (artifact id: '269b1021d6cd7c7349b39852d655e07c') in 0.035630 seconds 
========================================================================
Received Import Request.
  Time since last request: 6.016125 seconds.
  path: Assets/Resources/Sprites/letter.png
  artifactKey: Guid(ce7d603fff555ce4f875f07b1a853560) Importer(815301076,1909f56bfc062723c751e8b465ee728b)
Start importing Assets/Resources/Sprites/letter.png using Guid(ce7d603fff555ce4f875f07b1a853560) Importer(815301076,1909f56bfc062723c751e8b465ee728b)  -> (artifact id: 'cf8a560d14154cdd68995ac3afbadef0') in 1.342624 seconds 
========================================================================
Received Import Request.
  Time since last request: 149.377228 seconds.
  path: Assets/Resources/Prefabs/GameObject.prefab
  artifactKey: Guid(ff8be615fd6482940b8a6c6e0dccff64) Importer(815301076,1909f56bfc062723c751e8b465ee728b)
Start importing Assets/Resources/Prefabs/GameObject.prefab using Guid(ff8be615fd6482940b8a6c6e0dccff64) Importer(815301076,1909f56bfc062723c751e8b465ee728b)  -> (artifact id: '756747ac4db409836b0cd870071bcb21') in 0.100107 seconds 
========================================================================
Received Import Request.
  Time since last request: 22.405724 seconds.
  path: Assets/Resources/Prefabs/GameObject.prefab
  artifactKey: Guid(ff8be615fd6482940b8a6c6e0dccff64) Importer(815301076,1909f56bfc062723c751e8b465ee728b)
Start importing Assets/Resources/Prefabs/GameObject.prefab using Guid(ff8be615fd6482940b8a6c6e0dccff64) Importer(815301076,1909f56bfc062723c751e8b465ee728b)  -> (artifact id: '5f2156bfd58e690014ff4a960bb3437d') in 0.010253 seconds 
========================================================================
Received Import Request.
  Time since last request: 79.021211 seconds.
  path: Assets/Resources/Prefabs/Canvas.prefab
  artifactKey: Guid(8bce15beb8a1a0f48b13e618213f5751) Importer(815301076,1909f56bfc062723c751e8b465ee728b)
Start importing Assets/Resources/Prefabs/Canvas.prefab using Guid(8bce15beb8a1a0f48b13e618213f5751) Importer(815301076,1909f56bfc062723c751e8b465ee728b)  -> (artifact id: 'c8ca8d4dc23c444176de0a85af8a0127') in 0.177658 seconds 
========================================================================
Received Import Request.
  Time since last request: 93.893625 seconds.
  path: Assets/Resources/Prefabs/letter_41.prefab
  artifactKey: Guid(6d1cdd9d309a60b458fb826a75a2860b) Importer(815301076,1909f56bfc062723c751e8b465ee728b)
Start importing Assets/Resources/Prefabs/letter_41.prefab using Guid(6d1cdd9d309a60b458fb826a75a2860b) Importer(815301076,1909f56bfc062723c751e8b465ee728b)  -> (artifact id: '78e038c3f12d3c787caea4e7ffe16d9d') in 0.028558 seconds 
========================================================================
Received Import Request.
  Time since last request: 20.376787 seconds.
  path: Assets/Resources/Prefabs/GameObject.prefab
  artifactKey: Guid(ff8be615fd6482940b8a6c6e0dccff64) Importer(815301076,1909f56bfc062723c751e8b465ee728b)
Start importing Assets/Resources/Prefabs/GameObject.prefab using Guid(ff8be615fd6482940b8a6c6e0dccff64) Importer(815301076,1909f56bfc062723c751e8b465ee728b)  -> (artifact id: 'e312870683a46b8ccd30c9d7e0f11c8f') in 0.009427 seconds 
========================================================================
Received Import Request.
  Time since last request: 54.779975 seconds.
  path: Assets/Resources/GameObject.prefab
  artifactKey: Guid(f0e7b690bde78ce448ff6a222908b514) Importer(815301076,1909f56bfc062723c751e8b465ee728b)
Start importing Assets/Resources/GameObject.prefab using Guid(f0e7b690bde78ce448ff6a222908b514) Importer(815301076,1909f56bfc062723c751e8b465ee728b)  -> (artifact id: '1ede59dcf1dc5814160d84d134fc6240') in 0.014305 seconds 
========================================================================
Received Import Request.
  Time since last request: 5.481859 seconds.
  path: Assets/Resources/Prefabs/GameObject.prefab
  artifactKey: Guid(ff8be615fd6482940b8a6c6e0dccff64) Importer(815301076,1909f56bfc062723c751e8b465ee728b)
Start importing Assets/Resources/Prefabs/GameObject.prefab using Guid(ff8be615fd6482940b8a6c6e0dccff64) Importer(815301076,1909f56bfc062723c751e8b465ee728b)  -> (artifact id: 'aa70d9fa1687945cf241b93b0d5f1356') in 0.014224 seconds 
========================================================================
Received Import Request.
  Time since last request: 190.743122 seconds.
  path: Assets/Resources/Prefabs/keyboard.prefab
  artifactKey: Guid(c7b7f1a65c44fe2478aec8d2bc9e8351) Importer(815301076,1909f56bfc062723c751e8b465ee728b)
Start importing Assets/Resources/Prefabs/keyboard.prefab using Guid(c7b7f1a65c44fe2478aec8d2bc9e8351) Importer(815301076,1909f56bfc062723c751e8b465ee728b)  -> (artifact id: 'e7cd957ddc553f68275994151b40334c') in 0.031753 seconds 
========================================================================
Received Import Request.
  Time since last request: 56.348103 seconds.
  path: Assets/Resources/Prefabs/letter_square 1.prefab
  artifactKey: Guid(da4b33c16984edd499efb181ebf24967) Importer(815301076,1909f56bfc062723c751e8b465ee728b)
Start importing Assets/Resources/Prefabs/letter_square 1.prefab using Guid(da4b33c16984edd499efb181ebf24967) Importer(815301076,1909f56bfc062723c751e8b465ee728b)  -> (artifact id: 'dffe86f40c5e553ddd09fbf95818eacd') in 0.037557 seconds 
========================================================================
Received Import Request.
  Time since last request: 11.950019 seconds.
  path: Assets/Resources/Prefabs/keyboard_space.prefab
  artifactKey: Guid(da4b33c16984edd499efb181ebf24967) Importer(815301076,1909f56bfc062723c751e8b465ee728b)
Start importing Assets/Resources/Prefabs/keyboard_space.prefab using Guid(da4b33c16984edd499efb181ebf24967) Importer(815301076,1909f56bfc062723c751e8b465ee728b)  -> (artifact id: 'b26bfda51dc269d18410e67ec9d0ea94') in 0.044893 seconds 
========================================================================
Received Import Request.
  Time since last request: 25.103009 seconds.
  path: Assets/Resources/Sprites/enter_backspace.png
  artifactKey: Guid(fc77e4d91ccef0d4a897c146a483500f) Importer(815301076,1909f56bfc062723c751e8b465ee728b)
Start importing Assets/Resources/Sprites/enter_backspace.png using Guid(fc77e4d91ccef0d4a897c146a483500f) Importer(815301076,1909f56bfc062723c751e8b465ee728b)  -> (artifact id: '23bf58a2301e6de9fe7e2727908bf65e') in 0.016164 seconds 
========================================================================
Received Import Request.
  Time since last request: 271.209648 seconds.
  path: Assets/Resources/Prefabs/keyboard_space.prefab
  artifactKey: Guid(da4b33c16984edd499efb181ebf24967) Importer(815301076,1909f56bfc062723c751e8b465ee728b)
Start importing Assets/Resources/Prefabs/keyboard_space.prefab using Guid(da4b33c16984edd499efb181ebf24967) Importer(815301076,1909f56bfc062723c751e8b465ee728b)  -> (artifact id: '1f7d72a9bc9c9226ec8cf095d5c35d00') in 0.018935 seconds 
========================================================================
Received Import Request.
  Time since last request: 1370.819558 seconds.
  path: Assets/Resources/Prefabs/letter_square 1.prefab
  artifactKey: Guid(26f33c783ef7eb04d9f47002b0b39c6b) Importer(815301076,1909f56bfc062723c751e8b465ee728b)
Start importing Assets/Resources/Prefabs/letter_square 1.prefab using Guid(26f33c783ef7eb04d9f47002b0b39c6b) Importer(815301076,1909f56bfc062723c751e8b465ee728b)  -> (artifact id: '6440a96f1fd8d5f358835c2a6fe89237') in 0.025647 seconds 
========================================================================
Received Import Request.
  Time since last request: 8.467460 seconds.
  path: Assets/Resources/Prefabs/enter_backspace_square.prefab
  artifactKey: Guid(26f33c783ef7eb04d9f47002b0b39c6b) Importer(815301076,1909f56bfc062723c751e8b465ee728b)
Start importing Assets/Resources/Prefabs/enter_backspace_square.prefab using Guid(26f33c783ef7eb04d9f47002b0b39c6b) Importer(815301076,1909f56bfc062723c751e8b465ee728b)  -> (artifact id: 'fe4eadc3b54954d37aad1bc803d22780') in 0.026026 seconds 
========================================================================
Received Import Request.
  Time since last request: 12.530700 seconds.
  path: Assets/Resources/Prefabs/keyboard_space.prefab
  artifactKey: Guid(da4b33c16984edd499efb181ebf24967) Importer(815301076,1909f56bfc062723c751e8b465ee728b)
Start importing Assets/Resources/Prefabs/keyboard_space.prefab using Guid(da4b33c16984edd499efb181ebf24967) Importer(815301076,1909f56bfc062723c751e8b465ee728b)  -> (artifact id: '5a428a98cc42629de718a0942ce2606d') in 0.020206 seconds 
========================================================================
Received Import Request.
  Time since last request: 1.381528 seconds.
  path: Assets/Resources/Prefabs/keyboard_space 1.prefab
  artifactKey: Guid(d4845a3106ebccb47b459551f9777dad) Importer(815301076,1909f56bfc062723c751e8b465ee728b)
Start importing Assets/Resources/Prefabs/keyboard_space 1.prefab using Guid(d4845a3106ebccb47b459551f9777dad) Importer(815301076,1909f56bfc062723c751e8b465ee728b)  -> (artifact id: 'bf0997978b36af29489c8ba32a6f6416') in 0.018980 seconds 
========================================================================
Received Import Request.
  Time since last request: 7.565780 seconds.
  path: Assets/Resources/Prefabs/enter_backspace_square.prefab
  artifactKey: Guid(d4845a3106ebccb47b459551f9777dad) Importer(815301076,1909f56bfc062723c751e8b465ee728b)
Start importing Assets/Resources/Prefabs/enter_backspace_square.prefab using Guid(d4845a3106ebccb47b459551f9777dad) Importer(815301076,1909f56bfc062723c751e8b465ee728b)  -> (artifact id: 'd9300341b575a251384d98aacb5436ef') in 0.011895 seconds 
========================================================================
Received Prepare
Registering precompiled user dll's ...
Registered in 0.014274 seconds.
Begin MonoManager ReloadAssembly
Symbol file LoadedFromMemory doesn't match image C:\Users\alfad\Documents\Unity Projects\Wordle\Library\PackageCache\com.unity.visualscripting@1.7.5\Editor\VisualScripting.Core\Dependencies\YamlDotNet\Unity.VisualScripting.YamlDotNet.dll
Symbol file LoadedFromMemory doesn't match image C:\Users\alfad\Documents\Unity Projects\Wordle\Library\PackageCache\com.unity.visualscripting@1.7.5\Editor\VisualScripting.Core\Dependencies\DotNetZip\Unity.VisualScripting.IonicZip.dll
Native extension for WindowsStandalone target not found
Refreshing native plugins compatible for Editor in 1.19 ms, found 4 plugins.
Preloading 0 native plugins for Editor in 0.00 ms.
Mono: successfully reloaded assembly
- Completed reload, in  3.305 seconds
Domain Reload Profiling:
	ReloadAssembly (3306ms)
		BeginReloadAssembly (433ms)
			ExecutionOrderSort (0ms)
			DisableScriptedObjects (18ms)
			BackupInstance (0ms)
			ReleaseScriptingObjects (0ms)
			CreateAndSetChildDomain (186ms)
		EndReloadAssembly (2529ms)
			LoadAssemblies (251ms)
			RebuildTransferFunctionScriptingTraits (0ms)
			SetupTypeCache (687ms)
			ReleaseScriptCaches (3ms)
			RebuildScriptCaches (131ms)
			SetupLoadedEditorAssemblies (1090ms)
				LogAssemblyErrors (0ms)
				InitializePlatformSupportModulesInManaged (53ms)
				SetLoadedEditorAssemblies (1ms)
				RefreshPlugins (1ms)
				BeforeProcessingInitializeOnLoad (198ms)
				ProcessInitializeOnLoadAttributes (758ms)
				ProcessInitializeOnLoadMethodAttributes (59ms)
				AfterProcessingInitializeOnLoad (20ms)
				EditorAssembliesLoaded (0ms)
			ExecutionOrderSort2 (0ms)
			AwakeInstancesAfterBackupRestoration (30ms)
Platform modules already initialized, skipping
Refreshing native plugins compatible for Editor in 0.76 ms, found 4 plugins.
Preloading 0 native plugins for Editor in 0.00 ms.
Unloading 3915 Unused Serialized files (Serialized files now loaded: 0)
Unloading 32 unused Assets / (191.7 KB). Loaded Objects now: 4477.
Memory consumption went from 157.4 MB to 157.2 MB.
Total: 5.005200 ms (FindLiveObjects: 0.351900 ms CreateObjectMapping: 0.275700 ms MarkObjects: 4.208400 ms  DeleteObjects: 0.168100 ms)

AssetImportParameters requested are different than current active one (requested -> active):
  custom:video-decoder-ogg-theora: a1e56fd34408186e4bbccfd4996cb3dc -> 
  custom:container-muxer-webm: aa71ff27fc2769a1b78a27578f13a17b -> 
  custom:container-demuxer-webm: 4f35f7cbe854078d1ac9338744f61a02 -> 
  custom:video-encoder-webm-vp8: eb34c28f22e8b96e1ab97ce403110664 -> 
  custom:audio-encoder-webm-vorbis: bf7c407c2cedff20999df2af8eb42d56 -> 
  custom:framework-win-MediaFoundation: 216162199b28c13a410421893ffa2e32 -> 
  custom:container-demuxer-ogg: 62fdf1f143b41e24485cea50d1cbac27 -> 
  custom:video-decoder-webm-vp8: 9c59270c3fd7afecdb556c50c9e8de78 -> 
  custom:audio-decoder-ogg-vorbis: bf7c407c2cedff20999df2af8eb42d56 -> 
========================================================================
Received Import Request.
  Time since last request: 401.307951 seconds.
  path: Assets/Resources/Prefabs/enter_backspace_square.prefab
  artifactKey: Guid(d4845a3106ebccb47b459551f9777dad) Importer(815301076,1909f56bfc062723c751e8b465ee728b)
Start importing Assets/Resources/Prefabs/enter_backspace_square.prefab using Guid(d4845a3106ebccb47b459551f9777dad) Importer(815301076,1909f56bfc062723c751e8b465ee728b)  -> (artifact id: 'a1cde50035d735df20e2f15c9e3ffbd7') in 0.094118 seconds 
========================================================================
Received Import Request.
  Time since last request: 338.243268 seconds.
  path: Assets/Resources/Prefabs/keyboard_space.prefab
  artifactKey: Guid(da4b33c16984edd499efb181ebf24967) Importer(815301076,1909f56bfc062723c751e8b465ee728b)
Start importing Assets/Resources/Prefabs/keyboard_space.prefab using Guid(da4b33c16984edd499efb181ebf24967) Importer(815301076,1909f56bfc062723c751e8b465ee728b)  -> (artifact id: 'e43fbad7dbf3ea2aacf2527925302e0e') in 0.063372 seconds 
========================================================================
Received Import Request.
  Time since last request: 81.229255 seconds.
  path: Assets/Resources/Prefabs/enter_backspace_square.prefab
  artifactKey: Guid(d4845a3106ebccb47b459551f9777dad) Importer(815301076,1909f56bfc062723c751e8b465ee728b)
Start importing Assets/Resources/Prefabs/enter_backspace_square.prefab using Guid(d4845a3106ebccb47b459551f9777dad) Importer(815301076,1909f56bfc062723c751e8b465ee728b)  -> (artifact id: '47d93a137b3d389f8c0f841abef8ea83') in 0.023474 seconds 
========================================================================
Received Import Request.
  Time since last request: 25.352470 seconds.
  path: Assets/Resources/Prefabs/enter_backspace_square.prefab
  artifactKey: Guid(d4845a3106ebccb47b459551f9777dad) Importer(815301076,1909f56bfc062723c751e8b465ee728b)
Start importing Assets/Resources/Prefabs/enter_backspace_square.prefab using Guid(d4845a3106ebccb47b459551f9777dad) Importer(815301076,1909f56bfc062723c751e8b465ee728b)  -> (artifact id: '417317ed54e603bd87bbad820947bd9f') in 0.023680 seconds 
========================================================================
Received Import Request.
  Time since last request: 0.193982 seconds.
  path: Assets/Resources/Prefabs/keyboard_space.prefab
  artifactKey: Guid(da4b33c16984edd499efb181ebf24967) Importer(815301076,1909f56bfc062723c751e8b465ee728b)
Start importing Assets/Resources/Prefabs/keyboard_space.prefab using Guid(da4b33c16984edd499efb181ebf24967) Importer(815301076,1909f56bfc062723c751e8b465ee728b)  -> (artifact id: '6f9d2244a2925c434593a6679d01e785') in 0.031851 seconds 
========================================================================
Received Import Request.
  Time since last request: 261.381709 seconds.
  path: Assets/Resources/Prefabs/keyboard_space.prefab
  artifactKey: Guid(da4b33c16984edd499efb181ebf24967) Importer(815301076,1909f56bfc062723c751e8b465ee728b)
Start importing Assets/Resources/Prefabs/keyboard_space.prefab using Guid(da4b33c16984edd499efb181ebf24967) Importer(815301076,1909f56bfc062723c751e8b465ee728b)  -> (artifact id: 'f3ac2821fcb52dff653df6a60da9c672') in 0.025915 seconds 
========================================================================
Received Import Request.
  Time since last request: 5.532749 seconds.
  path: Assets/Resources/Sprites/backspace.png
  artifactKey: Guid(adb9d220429d09348af5a30c8f872340) Importer(815301076,1909f56bfc062723c751e8b465ee728b)
Start importing Assets/Resources/Sprites/backspace.png using Guid(adb9d220429d09348af5a30c8f872340) Importer(815301076,1909f56bfc062723c751e8b465ee728b)  -> (artifact id: '74dbf1c64fa526af34e9f2be9fdd8c43') in 0.077432 seconds 
========================================================================
Received Import Request.
  Time since last request: 0.000067 seconds.
  path: Assets/Resources/Sprites/enter.png
  artifactKey: Guid(efecd898c56e8734886c079e9622bf25) Importer(815301076,1909f56bfc062723c751e8b465ee728b)
Start importing Assets/Resources/Sprites/enter.png using Guid(efecd898c56e8734886c079e9622bf25) Importer(815301076,1909f56bfc062723c751e8b465ee728b)  -> (artifact id: '64333de21b36e29aa13b72af6cb54d5b') in 0.034161 seconds 
========================================================================
Received Import Request.
  Time since last request: 2.255540 seconds.
  path: Assets/Resources/Prefabs/enter_backspace_square.prefab
  artifactKey: Guid(d4845a3106ebccb47b459551f9777dad) Importer(815301076,1909f56bfc062723c751e8b465ee728b)
Start importing Assets/Resources/Prefabs/enter_backspace_square.prefab using Guid(d4845a3106ebccb47b459551f9777dad) Importer(815301076,1909f56bfc062723c751e8b465ee728b)  -> (artifact id: 'fbbbd31d61f0e75cf164dbdf7f2429d3') in 0.029954 seconds 
========================================================================
Received Prepare
Registering precompiled user dll's ...
Registered in 0.011532 seconds.
Begin MonoManager ReloadAssembly
Symbol file LoadedFromMemory doesn't match image C:\Users\alfad\Documents\Unity Projects\Wordle\Library\PackageCache\com.unity.visualscripting@1.7.5\Editor\VisualScripting.Core\Dependencies\YamlDotNet\Unity.VisualScripting.YamlDotNet.dll
Symbol file LoadedFromMemory doesn't match image C:\Users\alfad\Documents\Unity Projects\Wordle\Library\PackageCache\com.unity.visualscripting@1.7.5\Editor\VisualScripting.Core\Dependencies\DotNetZip\Unity.VisualScripting.IonicZip.dll
Native extension for WindowsStandalone target not found
Refreshing native plugins compatible for Editor in 2.07 ms, found 4 plugins.
Preloading 0 native plugins for Editor in 0.00 ms.
Mono: successfully reloaded assembly
- Completed reload, in  5.648 seconds
Domain Reload Profiling:
	ReloadAssembly (5652ms)
		BeginReloadAssembly (687ms)
			ExecutionOrderSort (0ms)
			DisableScriptedObjects (49ms)
			BackupInstance (0ms)
			ReleaseScriptingObjects (1ms)
			CreateAndSetChildDomain (270ms)
		EndReloadAssembly (4603ms)
			LoadAssemblies (392ms)
			RebuildTransferFunctionScriptingTraits (0ms)
			SetupTypeCache (1582ms)
			ReleaseScriptCaches (4ms)
			RebuildScriptCaches (200ms)
			SetupLoadedEditorAssemblies (1755ms)
				LogAssemblyErrors (0ms)
				InitializePlatformSupportModulesInManaged (46ms)
				SetLoadedEditorAssemblies (2ms)
				RefreshPlugins (2ms)
				BeforeProcessingInitializeOnLoad (296ms)
				ProcessInitializeOnLoadAttributes (1194ms)
				ProcessInitializeOnLoadMethodAttributes (188ms)
				AfterProcessingInitializeOnLoad (27ms)
				EditorAssembliesLoaded (0ms)
			ExecutionOrderSort2 (0ms)
			AwakeInstancesAfterBackupRestoration (52ms)
Platform modules already initialized, skipping
Refreshing native plugins compatible for Editor in 1.30 ms, found 4 plugins.
Preloading 0 native plugins for Editor in 0.00 ms.
Unloading 3915 Unused Serialized files (Serialized files now loaded: 0)
Unloading 32 unused Assets / (191.8 KB). Loaded Objects now: 4509.
Memory consumption went from 158.2 MB to 158.0 MB.
Total: 11.626000 ms (FindLiveObjects: 1.542400 ms CreateObjectMapping: 0.584200 ms MarkObjects: 8.507300 ms  DeleteObjects: 0.989800 ms)

AssetImportParameters requested are different than current active one (requested -> active):
  custom:video-decoder-ogg-theora: a1e56fd34408186e4bbccfd4996cb3dc -> 
  custom:container-muxer-webm: aa71ff27fc2769a1b78a27578f13a17b -> 
  custom:container-demuxer-webm: 4f35f7cbe854078d1ac9338744f61a02 -> 
  custom:video-encoder-webm-vp8: eb34c28f22e8b96e1ab97ce403110664 -> 
  custom:audio-encoder-webm-vorbis: bf7c407c2cedff20999df2af8eb42d56 -> 
  custom:framework-win-MediaFoundation: 216162199b28c13a410421893ffa2e32 -> 
  custom:container-demuxer-ogg: 62fdf1f143b41e24485cea50d1cbac27 -> 
  custom:video-decoder-webm-vp8: 9c59270c3fd7afecdb556c50c9e8de78 -> 
  custom:audio-decoder-ogg-vorbis: bf7c407c2cedff20999df2af8eb42d56 -> 
